Mplus VERSION 8.4 (Mac)
MUTHEN & MUTHEN
12/29/2022   4:49 PM

INPUT INSTRUCTIONS

  !MSEM for Episodic (Internal) details and Vividness with CC, 12/29/2022
  title: Modification indices for detail and vividness with CC;

  DATA:
  FILE = "df_MPlus_12_29.dat";
  VARIABLE:
  NAMES = ID trial DERS Avo AvoS LNB_MEFF VP_Pos VP_Neg Rich_Pos Rich_Neg Det_Pos
       Det_Neg Viv_Pos Viv_Neg Int_Pos Int_Neg Ext_Pos Ext_Neg DERS_sc Avo_sc LNB_sc
       DERS_sq Avo_sq LNB_sq;
  USEVARIABLES = ID DERS_sc Avo LNB_sc Int_Pos Int_Neg Viv_Pos Viv_Neg CCxDERS;
  MISSING=.;
  CLUSTER = ID;
  BETWEEN = DERS_sc Avo LNB_sc CCxDERS;
  DEFINE: CCxDERS = LNB_sc*DERS_sc;
  ANALYSIS:
  TYPE = TWOLEVEL;
  ESTIMATOR = ML;
  MODEL:
  %WITHIN%
  Int_Neg; !variance at the within-person level
  Int_Pos; !if you want to model means, use [] around the var name
  Viv_Pos;
  Viv_Neg;
  %BETWEEN%
  Int_Neg on Avo (bd1)
           DERS_sc (cd1);
  Int_Pos on Avo (bd2)
          DERS_sc (cd2);
  Viv_Neg on Avo (bv1)
           DERS_sc (cv1);
  Viv_Pos on Avo (bv2)
          DERS_sc (cv2);
  Avo on DERS_sc (a);
  AVO on LNB_sc;
  AVO on CCxDERS;
  Int_Pos WITH Int_Neg; !residual covariance
  Viv_Pos WITH Viv_Neg;
  INT_NEG WITH INT_POS;
  VIV_POS WITH INT_POS;
  VIV_POS WITH INT_NEG;
  VIV_NEG WITH INT_POS;
  VIV_NEG WITH INT_NEG;
  VIV_NEG WITH VIV_POS;

  OUTPUT:
  stand residual;
  mod(0);



*** WARNING
  Data set contains cases with missing on x-variables.
  These cases were not included in the analysis.
  Number of cases with missing on x-variables:  60
   1 WARNING(S) FOUND IN THE INPUT INSTRUCTIONS



Modification indices for detail and vividness with CC;

SUMMARY OF ANALYSIS

Number of groups                                                 1
Number of observations                                         510

Number of dependent variables                                    5
Number of independent variables                                  3
Number of continuous latent variables                            0

Observed dependent variables

  Continuous
   AVO         INT_POS     INT_NEG     VIV_POS     VIV_NEG

Observed independent variables
   DERS_SC     LNB_SC      CCXDERS

Variables with special functions

  Cluster variable      ID

  Between variables
   DERS_SC     AVO         LNB_SC      CCXDERS


Estimator                                                       ML
Information matrix                                        OBSERVED
Maximum number of iterations                                   100
Convergence criterion                                    0.100D-05
Maximum number of EM iterations                                500
Convergence criteria for the EM algorithm
  Loglikelihood change                                   0.100D-02
  Relative loglikelihood change                          0.100D-05
  Derivative                                             0.100D-03
Minimum variance                                         0.100D-03
Maximum number of steepest descent iterations                   20
Maximum number of iterations for H1                           2000
Convergence criterion for H1                             0.100D-03
Optimization algorithm                                         EMA

Input data file(s)
  df_MPlus_12_29.dat
Input data format  FREE


SUMMARY OF DATA

     Number of missing data patterns             6
     Number of clusters                         85

     Average cluster size        6.000

     Estimated Intraclass Correlations for the Y Variables

                Intraclass              Intraclass              Intraclass
     Variable  Correlation   Variable  Correlation   Variable  Correlation

     INT_POS      0.431      INT_NEG      0.422      VIV_POS      0.320
     VIV_NEG      0.251



COVARIANCE COVERAGE OF DATA

Minimum covariance coverage value   0.100


     PROPORTION OF DATA PRESENT


           Covariance Coverage
              AVO           INT_POS       INT_NEG       VIV_POS       VIV_NEG
              ________      ________      ________      ________      ________
 AVO            0.988
 INT_POS        0.845         0.855
 INT_NEG        0.810         0.714         0.822
 VIV_POS        0.845         0.855         0.714         0.855
 VIV_NEG        0.810         0.714         0.822         0.714         0.822
 DERS_SC        0.988         0.855         0.822         0.855         0.822
 LNB_SC         0.988         0.855         0.822         0.855         0.822
 CCXDERS        0.988         0.855         0.822         0.855         0.822


           Covariance Coverage
              DERS_SC       LNB_SC        CCXDERS
              ________      ________      ________
 DERS_SC        1.000
 LNB_SC         1.000         1.000
 CCXDERS        1.000         1.000         1.000



UNIVARIATE SAMPLE STATISTICS


     UNIVARIATE HIGHER-ORDER MOMENT DESCRIPTIVE STATISTICS

         Variable/         Mean/     Skewness/   Minimum/ % with                Percentiles
        Sample Size      Variance    Kurtosis    Maximum  Min/Max      20%/60%    40%/80%    Median

     AVO                  29.512       0.732      17.000    1.19%      23.000     27.000     29.000
              84.000      48.702       0.415      50.000    1.19%      30.000     35.000
     INT_POS               7.663       1.453       0.000    2.29%       3.000      6.000      7.000
             436.000      26.214       3.479      33.000    0.23%       8.000     11.000
     INT_NEG               9.303       1.474       0.000    3.10%       4.000      7.000      8.000
             419.000      38.416       3.940      45.000    0.24%       9.000     14.000
     VIV_POS              16.644      -0.035       5.000    0.46%      13.000     15.000     17.000
             436.000      20.055      -0.674      25.000    4.13%      18.000     21.000
     VIV_NEG              17.038      -0.121       6.000    0.24%      13.000     16.000     17.000
             419.000      19.058      -0.695      25.000    4.06%      18.000     21.000
     DERS_SC               0.011       0.614      -1.589    1.18%      -0.917     -0.380     -0.111
              85.000       0.994      -0.344       2.442    1.18%       0.091      0.762
     LNB_SC                0.000      -1.181      -2.795    1.18%      -0.679     -0.049      0.198
              85.000       0.998       0.922       1.338    1.18%       0.417      0.803
     CCXDERS               0.082      -0.125      -3.423    1.18%      -0.433     -0.073      0.009
              85.000       0.830       2.848       2.638    1.18%       0.082      0.533


THE MODEL ESTIMATION TERMINATED NORMALLY



MODEL FIT INFORMATION

Number of Free Parameters                       31

Loglikelihood

          H0 Value                       -5222.666
          H1 Value                       -5207.949

Information Criteria

          Akaike (AIC)                   10507.333
          Bayesian (BIC)                 10638.599
          Sample-Size Adjusted BIC       10540.201
            (n* = (n + 2) / 24)

Chi-Square Test of Model Fit

          Value                             29.435
          Degrees of Freedom                    14
          P-Value                           0.0091

RMSEA (Root Mean Square Error Of Approximation)

          Estimate                           0.046

CFI/TLI

          CFI                                0.886
          TLI                                0.747

Chi-Square Test of Model Fit for the Baseline Model

          Value                            166.197
          Degrees of Freedom                    31
          P-Value                           0.0000

SRMR (Standardized Root Mean Square Residual)

          Value for Within                   0.071
          Value for Between                  0.056



MODEL RESULTS

                                                    Two-Tailed
                    Estimate       S.E.  Est./S.E.    P-Value

Within Level

 Variances
    INT_POS           14.868      1.123     13.241      0.000
    INT_NEG           21.576      1.660     12.995      0.000
    VIV_POS           13.609      1.026     13.268      0.000
    VIV_NEG           14.224      1.100     12.935      0.000

Between Level

 INT_NEG    ON
    AVO               -0.038      0.081     -0.467      0.641
    DERS_SC           -0.640      0.567     -1.128      0.259

 INT_POS    ON
    AVO               -0.062      0.067     -0.922      0.357
    DERS_SC           -0.486      0.469     -1.036      0.300

 VIV_NEG    ON
    AVO               -0.036      0.050     -0.728      0.467
    DERS_SC            0.770      0.345      2.228      0.026

 VIV_POS    ON
    AVO               -0.064      0.055     -1.170      0.242
    DERS_SC            0.352      0.383      0.918      0.359

 AVO        ON
    DERS_SC            3.799      0.667      5.695      0.000
    LNB_SC            -0.351      0.646     -0.543      0.587
    CCXDERS           -0.534      0.727     -0.735      0.462

 INT_POS  WITH
    INT_NEG           11.469      2.152      5.329      0.000
    VIV_POS            0.549      1.189      0.462      0.644
    VIV_NEG            0.315      1.067      0.295      0.768

 VIV_POS  WITH
    VIV_NEG            4.555      1.006      4.530      0.000
    INT_NEG            0.952      1.439      0.662      0.508

 VIV_NEG  WITH
    INT_NEG            2.036      1.303      1.562      0.118

 Intercepts
    AVO               29.561      0.649     45.555      0.000
    INT_POS            9.422      2.015      4.677      0.000
    INT_NEG           10.354      2.451      4.224      0.000
    VIV_POS           18.467      1.650     11.195      0.000
    VIV_NEG           18.011      1.500     12.009      0.000

 Residual Variances
    AVO               35.060      5.409      6.481      0.000
    INT_POS           10.509      2.074      5.066      0.000
    INT_NEG           15.276      2.996      5.098      0.000
    VIV_POS            6.237      1.382      4.512      0.000
    VIV_NEG            4.370      1.141      3.830      0.000


STANDARDIZED MODEL RESULTS


STDYX Standardization

                                                    Two-Tailed
                    Estimate       S.E.  Est./S.E.    P-Value

Within Level

 Variances
    INT_POS            1.000      0.000    999.000    999.000
    INT_NEG            1.000      0.000    999.000    999.000
    VIV_POS            1.000      0.000    999.000    999.000
    VIV_NEG            1.000      0.000    999.000    999.000

Between Level

 INT_NEG    ON
    AVO               -0.066      0.142     -0.467      0.640
    DERS_SC           -0.160      0.140     -1.139      0.255

 INT_POS    ON
    AVO               -0.129      0.139     -0.926      0.354
    DERS_SC           -0.145      0.139     -1.044      0.297

 VIV_NEG    ON
    AVO               -0.115      0.158     -0.730      0.465
    DERS_SC            0.350      0.151      2.314      0.021

 VIV_POS    ON
    AVO               -0.177      0.150     -1.179      0.238
    DERS_SC            0.139      0.150      0.922      0.356

 AVO        ON
    DERS_SC            0.543      0.081      6.691      0.000
    LNB_SC            -0.050      0.092     -0.544      0.587
    CCXDERS           -0.070      0.095     -0.736      0.462

 INT_POS  WITH
    INT_NEG            0.905      0.059     15.436      0.000
    VIV_POS            0.068      0.146      0.463      0.643
    VIV_NEG            0.046      0.157      0.296      0.768

 VIV_POS  WITH
    VIV_NEG            0.872      0.102      8.540      0.000
    INT_NEG            0.098      0.146      0.667      0.505

 VIV_NEG  WITH
    INT_NEG            0.249      0.152      1.640      0.101

 Intercepts
    AVO                4.236      0.339     12.500      0.000
    INT_POS            2.822      0.630      4.477      0.000
    INT_NEG            2.594      0.650      3.991      0.000
    VIV_POS            7.302      0.950      7.684      0.000
    VIV_NEG            8.203      1.182      6.940      0.000

 Residual Variances
    AVO                0.720      0.083      8.681      0.000
    INT_POS            0.943      0.055     17.057      0.000
    INT_NEG            0.959      0.048     20.076      0.000
    VIV_POS            0.975      0.040     24.102      0.000
    VIV_NEG            0.907      0.078     11.613      0.000


STDY Standardization

                                                    Two-Tailed
                    Estimate       S.E.  Est./S.E.    P-Value

Within Level

 Variances
    INT_POS            1.000      0.000    999.000    999.000
    INT_NEG            1.000      0.000    999.000    999.000
    VIV_POS            1.000      0.000    999.000    999.000
    VIV_NEG            1.000      0.000    999.000    999.000

Between Level

 INT_NEG    ON
    AVO               -0.066      0.142     -0.467      0.640
    DERS_SC           -0.160      0.140     -1.143      0.253

 INT_POS    ON
    AVO               -0.129      0.139     -0.926      0.354
    DERS_SC           -0.146      0.139     -1.047      0.295

 VIV_NEG    ON
    AVO               -0.115      0.158     -0.730      0.465
    DERS_SC            0.350      0.149      2.345      0.019

 VIV_POS    ON
    AVO               -0.177      0.150     -1.179      0.238
    DERS_SC            0.139      0.150      0.924      0.355

 AVO        ON
    DERS_SC            0.544      0.076      7.131      0.000
    LNB_SC            -0.050      0.092     -0.544      0.586
    CCXDERS           -0.077      0.104     -0.737      0.461

 INT_POS  WITH
    INT_NEG            0.905      0.059     15.436      0.000
    VIV_POS            0.068      0.146      0.463      0.643
    VIV_NEG            0.046      0.157      0.296      0.768

 VIV_POS  WITH
    VIV_NEG            0.872      0.102      8.540      0.000
    INT_NEG            0.098      0.146      0.667      0.505

 VIV_NEG  WITH
    INT_NEG            0.249      0.152      1.640      0.101

 Intercepts
    AVO                4.236      0.339     12.500      0.000
    INT_POS            2.822      0.630      4.477      0.000
    INT_NEG            2.594      0.650      3.991      0.000
    VIV_POS            7.302      0.950      7.684      0.000
    VIV_NEG            8.203      1.182      6.940      0.000

 Residual Variances
    AVO                0.720      0.083      8.681      0.000
    INT_POS            0.943      0.055     17.057      0.000
    INT_NEG            0.959      0.048     20.076      0.000
    VIV_POS            0.975      0.040     24.102      0.000
    VIV_NEG            0.907      0.078     11.613      0.000


STD Standardization

                                                    Two-Tailed
                    Estimate       S.E.  Est./S.E.    P-Value

Within Level

 Variances
    INT_POS           14.868      1.123     13.241      0.000
    INT_NEG           21.576      1.660     12.995      0.000
    VIV_POS           13.609      1.026     13.268      0.000
    VIV_NEG           14.224      1.100     12.935      0.000

Between Level

 INT_NEG    ON
    AVO               -0.038      0.081     -0.467      0.641
    DERS_SC           -0.640      0.567     -1.128      0.259

 INT_POS    ON
    AVO               -0.062      0.067     -0.922      0.357
    DERS_SC           -0.486      0.469     -1.036      0.300

 VIV_NEG    ON
    AVO               -0.036      0.050     -0.728      0.467
    DERS_SC            0.770      0.345      2.228      0.026

 VIV_POS    ON
    AVO               -0.064      0.055     -1.170      0.242
    DERS_SC            0.352      0.383      0.918      0.359

 AVO        ON
    DERS_SC            3.799      0.667      5.695      0.000
    LNB_SC            -0.351      0.646     -0.543      0.587
    CCXDERS           -0.534      0.727     -0.735      0.462

 INT_POS  WITH
    INT_NEG           11.469      2.152      5.329      0.000
    VIV_POS            0.549      1.189      0.462      0.644
    VIV_NEG            0.315      1.067      0.295      0.768

 VIV_POS  WITH
    VIV_NEG            4.555      1.006      4.530      0.000
    INT_NEG            0.952      1.439      0.662      0.508

 VIV_NEG  WITH
    INT_NEG            2.036      1.303      1.562      0.118

 Intercepts
    AVO               29.561      0.649     45.555      0.000
    INT_POS            9.422      2.015      4.677      0.000
    INT_NEG           10.354      2.451      4.224      0.000
    VIV_POS           18.467      1.650     11.195      0.000
    VIV_NEG           18.011      1.500     12.009      0.000

 Residual Variances
    AVO               35.060      5.409      6.481      0.000
    INT_POS           10.509      2.074      5.066      0.000
    INT_NEG           15.276      2.996      5.098      0.000
    VIV_POS            6.237      1.382      4.512      0.000
    VIV_NEG            4.370      1.141      3.830      0.000


R-SQUARE

Within Level

Between Level

    Observed                                        Two-Tailed
    Variable        Estimate       S.E.  Est./S.E.    P-Value

    AVO                0.280      0.083      3.379      0.001
    INT_POS            0.057      0.055      1.036      0.300
    INT_NEG            0.041      0.048      0.861      0.389
    VIV_POS            0.025      0.040      0.616      0.538
    VIV_NEG            0.093      0.078      1.196      0.232


QUALITY OF NUMERICAL RESULTS

     Condition Number for the Information Matrix              0.257E-05
       (ratio of smallest to largest eigenvalue)


RESIDUAL OUTPUT


     ESTIMATED MODEL AND RESIDUALS (OBSERVED - ESTIMATED) FOR WITHIN


           Model Estimated Means
              AVO           INT_POS       INT_NEG       VIV_POS       VIV_NEG
              ________      ________      ________      ________      ________
                0.000         0.000         0.000         0.000         0.000


           Model Estimated Means
              DERS_SC       LNB_SC        CCXDERS
              ________      ________      ________
                0.000         0.000         0.000


           Residuals for Means
              AVO           INT_POS       INT_NEG       VIV_POS       VIV_NEG
              ________      ________      ________      ________      ________
                0.000         0.000         0.000         0.000         0.000


           Residuals for Means
              DERS_SC       LNB_SC        CCXDERS
              ________      ________      ________
                0.000         0.000         0.000


           Model Estimated Covariances
              AVO           INT_POS       INT_NEG       VIV_POS       VIV_NEG
              ________      ________      ________      ________      ________
 AVO            0.000
 INT_POS        0.000        14.868
 INT_NEG        0.000         0.000        21.576
 VIV_POS        0.000         0.000         0.000        13.609
 VIV_NEG        0.000         0.000         0.000         0.000        14.224
 DERS_SC        0.000         0.000         0.000         0.000         0.000
 LNB_SC         0.000         0.000         0.000         0.000         0.000
 CCXDERS        0.000         0.000         0.000         0.000         0.000


           Model Estimated Covariances
              DERS_SC       LNB_SC        CCXDERS
              ________      ________      ________
 DERS_SC        0.000
 LNB_SC         0.000         0.000
 CCXDERS        0.000         0.000         0.000


           Residuals for Covariances
              AVO           INT_POS       INT_NEG       VIV_POS       VIV_NEG
              ________      ________      ________      ________      ________
 AVO            0.000
 INT_POS        0.000        -0.027
 INT_NEG        0.000         1.188         0.077
 VIV_POS        0.000         1.571         0.597        -0.014
 VIV_NEG        0.000        -0.871         2.467         1.300         0.045
 DERS_SC        0.000         0.000         0.000         0.000         0.000
 LNB_SC         0.000         0.000         0.000         0.000         0.000
 CCXDERS        0.000         0.000         0.000         0.000         0.000


           Residuals for Covariances
              DERS_SC       LNB_SC        CCXDERS
              ________      ________      ________
 DERS_SC        0.000
 LNB_SC         0.000         0.000
 CCXDERS        0.000         0.000         0.000


           Model Estimated Correlations
              AVO           INT_POS       INT_NEG       VIV_POS       VIV_NEG
              ________      ________      ________      ________      ________
 AVO            0.000
 INT_POS        0.000         1.000
 INT_NEG        0.000         0.000         1.000
 VIV_POS        0.000         0.000         0.000         1.000
 VIV_NEG        0.000         0.000         0.000         0.000         1.000
 DERS_SC        0.000         0.000         0.000         0.000         0.000
 LNB_SC         0.000         0.000         0.000         0.000         0.000
 CCXDERS        0.000         0.000         0.000         0.000         0.000


           Model Estimated Correlations
              DERS_SC       LNB_SC        CCXDERS
              ________      ________      ________
 DERS_SC        0.000
 LNB_SC         0.000         0.000
 CCXDERS        0.000         0.000         0.000


           Residuals for Correlations
              AVO           INT_POS       INT_NEG       VIV_POS       VIV_NEG
              ________      ________      ________      ________      ________
 AVO            0.000
 INT_POS        0.000         0.000
 INT_NEG        0.000         0.066         0.000
 VIV_POS        0.000         0.111         0.035         0.000
 VIV_NEG        0.000        -0.060         0.140         0.093         0.000
 DERS_SC        0.000         0.000         0.000         0.000         0.000
 LNB_SC         0.000         0.000         0.000         0.000         0.000
 CCXDERS        0.000         0.000         0.000         0.000         0.000


           Residuals for Correlations
              DERS_SC       LNB_SC        CCXDERS
              ________      ________      ________
 DERS_SC        0.000
 LNB_SC         0.000         0.000
 CCXDERS        0.000         0.000         0.000


     ESTIMATED MODEL AND RESIDUALS (OBSERVED - ESTIMATED) FOR BETWEEN


           Model Estimated Means
              AVO           INT_POS       INT_NEG       VIV_POS       VIV_NEG
              ________      ________      ________      ________      ________
               29.558         7.593         9.224        16.575        16.946


           Model Estimated Means
              DERS_SC       LNB_SC        CCXDERS
              ________      ________      ________
                0.011         0.000         0.082


           Residuals for Means
              AVO           INT_POS       INT_NEG       VIV_POS       VIV_NEG
              ________      ________      ________      ________      ________
                0.000        -0.007         0.012         0.002         0.020


           Residuals for Means
              DERS_SC       LNB_SC        CCXDERS
              ________      ________      ________
                0.000         0.000         0.000


           Model Estimated Covariances
              AVO           INT_POS       INT_NEG       VIV_POS       VIV_NEG
              ________      ________      ________      ________      ________
 AVO           48.707
 INT_POS       -4.771        11.147
 INT_NEG       -4.178        12.103        15.931
 VIV_POS       -1.846         0.606         0.948         6.396
 VIV_NEG        1.029        -0.056         1.591         4.712         4.820
 DERS_SC        3.635        -0.707        -0.775         0.117         0.633
 LNB_SC        -0.071        -0.035        -0.050         0.033         0.066
 CCXDERS        0.347        -0.125        -0.150         0.053         0.152


           Model Estimated Covariances
              DERS_SC       LNB_SC        CCXDERS
              ________      ________      ________
 DERS_SC        0.994
 LNB_SC         0.082         0.998
 CCXDERS        0.214         0.061         0.830


           Residuals for Covariances
              AVO           INT_POS       INT_NEG       VIV_POS       VIV_NEG
              ________      ________      ________      ________      ________
 AVO            0.001
 INT_POS        0.039         0.091
 INT_NEG       -0.178        -0.158        -0.151
 VIV_POS        0.085        -0.290        -0.112         0.013
 VIV_NEG       -0.209         0.199        -0.560        -0.207        -0.039
 DERS_SC        0.000         0.009        -0.013        -0.001        -0.032
 LNB_SC         0.000         0.276        -0.197        -0.034         0.276
 CCXDERS        0.000         0.476        -0.242        -0.039        -0.435


           Residuals for Covariances
              DERS_SC       LNB_SC        CCXDERS
              ________      ________      ________
 DERS_SC        0.000
 LNB_SC         0.000         0.000
 CCXDERS        0.000         0.000         0.000


           Model Estimated Correlations
              AVO           INT_POS       INT_NEG       VIV_POS       VIV_NEG
              ________      ________      ________      ________      ________
 AVO            1.000
 INT_POS       -0.205         1.000
 INT_NEG       -0.150         0.908         1.000
 VIV_POS       -0.105         0.072         0.094         1.000
 VIV_NEG        0.067        -0.008         0.182         0.849         1.000
 DERS_SC        0.522        -0.212        -0.195         0.046         0.289
 LNB_SC        -0.010        -0.011        -0.012         0.013         0.030
 CCXDERS        0.055        -0.041        -0.041         0.023         0.076


           Model Estimated Correlations
              DERS_SC       LNB_SC        CCXDERS
              ________      ________      ________
 DERS_SC        1.000
 LNB_SC         0.082         1.000
 CCXDERS        0.235         0.066         1.000


           Residuals for Correlations
              AVO           INT_POS       INT_NEG       VIV_POS       VIV_NEG
              ________      ________      ________      ________      ________
 AVO            0.000
 INT_POS        0.003         0.000
 INT_NEG       -0.007        -0.011         0.000
 VIV_POS        0.005        -0.034        -0.011         0.000
 VIV_NEG       -0.013         0.027        -0.063        -0.035         0.000
 DERS_SC        0.000         0.004        -0.004         0.000        -0.013
 LNB_SC         0.000         0.082        -0.050        -0.014         0.126
 CCXDERS        0.000         0.156        -0.067        -0.017        -0.218


           Residuals for Correlations
              DERS_SC       LNB_SC        CCXDERS
              ________      ________      ________
 DERS_SC        0.000
 LNB_SC         0.000         0.000
 CCXDERS        0.000         0.000         0.000


MODEL MODIFICATION INDICES

NOTE:  Modification indices for direct effects of observed dependent variables
regressed on covariates may not be included.  To include these, request
MODINDICES (ALL).

Minimum M.I. value for printing the modification index     0.000

                                   M.I.     E.P.C.  Std E.P.C.  StdYX E.P.C.

Within Level

ON Statements

INT_POS  ON INT_NEG                1.608     0.062      0.062        0.074
INT_POS  ON VIV_POS                4.317     0.116      0.116        0.111
INT_POS  ON VIV_NEG                0.798    -0.053     -0.053       -0.052
INT_NEG  ON INT_POS                1.608     0.089      0.089        0.074
INT_NEG  ON VIV_POS                0.452     0.049      0.049        0.039
INT_NEG  ON VIV_NEG                6.409     0.170      0.170        0.138
VIV_POS  ON INT_POS                4.317     0.106      0.106        0.111
VIV_POS  ON INT_NEG                0.452     0.031      0.031        0.039
VIV_POS  ON VIV_NEG                2.229     0.085      0.085        0.087
VIV_NEG  ON INT_POS                0.798    -0.051     -0.051       -0.052
VIV_NEG  ON INT_NEG                6.409     0.112      0.112        0.138
VIV_NEG  ON VIV_POS                2.229     0.089      0.089        0.087

WITH Statements

INT_NEG  WITH INT_POS              1.608     1.327      1.327        0.074
VIV_POS  WITH INT_POS              4.317     1.576      1.576        0.111
VIV_POS  WITH INT_NEG              0.452     0.674      0.674        0.039
VIV_NEG  WITH INT_POS              0.798    -0.757     -0.757       -0.052
VIV_NEG  WITH INT_NEG              6.409     2.422      2.422        0.138
VIV_NEG  WITH VIV_POS              2.229     1.210      1.210        0.087

Between Level

ON Statements

AVO      ON INT_POS                0.590     1.638      1.638        0.784
AVO      ON INT_NEG                0.005     0.122      0.122        0.070
AVO      ON VIV_POS                0.059    -0.706     -0.706       -0.256
AVO      ON VIV_NEG                0.781    -3.117     -3.117       -0.980
INT_POS  ON LNB_SC                 2.598     0.453      0.453        0.135
INT_POS  ON CCXDERS                4.839     0.695      0.695        0.190
INT_NEG  ON LNB_SC                 2.515    -0.532     -0.532       -0.133
INT_NEG  ON CCXDERS                3.083    -0.664     -0.664       -0.152
VIV_POS  ON LNB_SC                 0.646    -0.215     -0.215       -0.085
VIV_POS  ON CCXDERS                0.409     0.193      0.193        0.069
VIV_NEG  ON LNB_SC                 1.830     0.321      0.321        0.146
VIV_NEG  ON CCXDERS                1.647    -0.343     -0.343       -0.142

WITH Statements

INT_POS  WITH AVO                  7.164    43.741     43.741        2.279
INT_NEG  WITH AVO                  5.348   -45.185    -45.185       -1.952
VIV_POS  WITH AVO                  0.001     0.593      0.593        0.040
VIV_NEG  WITH AVO                  0.053    -3.180     -3.180       -0.257
DERS_SC  WITH INT_POS              6.429    -2.812     -2.812       -0.870
DERS_SC  WITH INT_NEG              4.439     2.793      2.793        0.717
DERS_SC  WITH VIV_POS              0.144    -0.402     -0.402       -0.161
DERS_SC  WITH VIV_NEG              0.697     0.783      0.783        0.375
LNB_SC   WITH INT_POS              2.269     0.419      0.419        0.129
LNB_SC   WITH INT_NEG              2.256    -0.499     -0.499       -0.128
LNB_SC   WITH VIV_POS              0.698    -0.222     -0.222       -0.089
LNB_SC   WITH VIV_NEG              2.006     0.333      0.333        0.159
CCXDERS  WITH INT_POS              4.508     0.526      0.526        0.178
CCXDERS  WITH INT_NEG              2.822    -0.497     -0.497       -0.140
CCXDERS  WITH VIV_POS              0.461     0.160      0.160        0.071
CCXDERS  WITH VIV_NEG              1.824    -0.283     -0.283       -0.148


     Beginning Time:  16:49:21
        Ending Time:  16:49:21
       Elapsed Time:  00:00:00



MUTHEN & MUTHEN
3463 Stoner Ave.
Los Angeles, CA  90066

Tel: (310) 391-9971
Fax: (310) 391-8971
Web: www.StatModel.com
Support: Support@StatModel.com

Copyright (c) 1998-2019 Muthen & Muthen
