Mplus VERSION 8.4 (Mac)
MUTHEN & MUTHEN
12/30/2022   9:43 AM

INPUT INSTRUCTIONS

  !MSEM for Episodic (Internal) details and Vantage Point with CC, 12/29/2022
  title: Model looking at detail and vantage point with CC;

  DATA:
  FILE = "df_MPlus_12_29.dat";
  VARIABLE:
  NAMES = ID trial DERS Avo AvoS LNB_MEFF VP_Pos VP_Neg Rich_Pos Rich_Neg Det_Pos
       Det_Neg Viv_Pos Viv_Neg Int_Pos Int_Neg Ext_Pos Ext_Neg DERS_sc Avo_sc LNB_sc
       DERS_sq Avo_sq LNB_sq;
  USEVARIABLES = ID DERS_sc Avo LNB_sc Int_Pos Int_Neg VP_Pos VP_Neg CCxDERS;
  MISSING=.;
  CLUSTER = ID;
  BETWEEN = DERS_sc Avo LNB_sc CCxDERS;
  categorical = VP_Pos VP_Neg;
  DEFINE: CCxDERS = LNB_sc*DERS_sc;
  ANALYSIS:
  TYPE = TWOLEVEL;
  ESTIMATOR = WLSMV;
  MODEL:
  %WITHIN%
  Int_Neg; !variance at the within-person level
  Int_Pos; !if you want to model means, use [] around the var name
  %BETWEEN%
  Int_Neg on Avo (bd1)
           DERS_sc (cd1);
  Int_Pos on Avo (bd2)
          DERS_sc (cd2);
  VP_Neg on Avo (bv1)
           DERS_sc (cv1);
  VP_Pos on Avo (bv2)
          DERS_sc (cv2);
  Avo on DERS_sc (a);
  AVO on LNB_sc;
  AVO on CCxDERS;
  Int_Pos WITH Int_Neg; !residual covariance

  MODEL CONSTRAINT:
  NEW(pos_ind_int pos_tot_int neg_ind_int neg_tot_int dif_ind_int
  	pos_ind_vp pos_tot_vp neg_ind_vp neg_tot_vp dif_ind_vp);
  pos_ind_int = bd2*a;
  pos_tot_int = bd2*a + cd2;
  neg_ind_int = bd1*a;
  neg_tot_int = bd1*a + cd1;
  dif_ind_int = pos_ind_int - neg_ind_int;
  pos_ind_vp = bv2*a;
  pos_tot_vp = bv2*a + cv2;
  neg_ind_vp = bv1*a;
  neg_tot_vp = bv1*a + cv1;
  dif_ind_vp = pos_ind_vp - neg_ind_vp;

  OUTPUT:
  stand residual;



*** WARNING
  One or more individual-level variables have no variation within a
  cluster for the following clusters.

     Variable   Cluster IDs with no within-cluster variation

      VP_POS      11 13 17 21 23 29 30 31 34 35 41 43 45 47 52 53 60 66 69 73 75 80 81 84 88 89
                  91
      VP_NEG      13 14 15 23 29 30 34 35 36 41 43 44 48 50 56 59 60 63 72 73 80 81 84 88 89 91
                  92

*** WARNING
  Data set contains cases with missing on x-variables.
  These cases were not included in the analysis.
  Number of cases with missing on x-variables:  60
   2 WARNING(S) FOUND IN THE INPUT INSTRUCTIONS



Model looking at detail and vantage point with CC;

SUMMARY OF ANALYSIS

Number of groups                                                 1
Number of observations                                         510

Number of dependent variables                                    5
Number of independent variables                                  3
Number of continuous latent variables                            0

Observed dependent variables

  Continuous
   AVO         INT_POS     INT_NEG

  Binary and ordered categorical (ordinal)
   VP_POS      VP_NEG

Observed independent variables
   DERS_SC     LNB_SC      CCXDERS

Variables with special functions

  Cluster variable      ID

  Between variables
   DERS_SC     AVO         LNB_SC      CCXDERS


Estimator                                                    WLSMV
Optimization Specifications for the Quasi-Newton Algorithm for
Continuous Outcomes
  Maximum number of iterations                                1000
  Convergence criterion                                  0.100D-05
Optimization Specifications for the EM Algorithm
  Maximum number of iterations                                 500
  Convergence criteria
    Loglikelihood change                                 0.100D-02
    Relative loglikelihood change                        0.100D-05
    Derivative                                           0.100D-02
Optimization Specifications for the M step of the EM Algorithm for
Categorical Latent variables
  Number of M step iterations                                    1
  M step convergence criterion                           0.100D-02
  Basis for M step termination                           ITERATION
Optimization Specifications for the M step of the EM Algorithm for
Censored, Binary or Ordered Categorical (Ordinal), Unordered
Categorical (Nominal) and Count Outcomes
  Number of M step iterations                                    1
  M step convergence criterion                           0.100D-02
  Basis for M step termination                           ITERATION
  Maximum value for logit thresholds                            10
  Minimum value for logit thresholds                           -10
  Minimum expected cell size for chi-square              0.100D-01
Maximum number of iterations for H1                           2000
Convergence criterion for H1                             0.100D-03
Optimization algorithm                                      EMA/FS
Integration Specifications
  Type                                                    STANDARD
  Number of integration points                                   7
  Dimensions of numerical integration                            0
  Adaptive quadrature                                           ON
Link                                                        PROBIT
Cholesky                                                        ON

Input data file(s)
  df_MPlus_12_29.dat
Input data format  FREE


SUMMARY OF DATA

     Number of clusters                         85

     Average cluster size        6.000

     Estimated Intraclass Correlations for the Y Variables

                Intraclass              Intraclass              Intraclass
     Variable  Correlation   Variable  Correlation   Variable  Correlation

     VP_POS       0.157      VP_NEG       0.189      INT_POS      0.427
     INT_NEG      0.424



COVARIANCE COVERAGE OF DATA

Minimum covariance coverage value   0.100


UNIVARIATE PROPORTIONS AND COUNTS FOR CATEGORICAL VARIABLES

    VP_POS
      Category 1    0.752          328.000
      Category 2    0.248          108.000
    VP_NEG
      Category 1    0.749          314.000
      Category 2    0.251          105.000



UNIVARIATE SAMPLE STATISTICS


     UNIVARIATE HIGHER-ORDER MOMENT DESCRIPTIVE STATISTICS

         Variable/         Mean/     Skewness/   Minimum/ % with                Percentiles
        Sample Size      Variance    Kurtosis    Maximum  Min/Max      20%/60%    40%/80%    Median

     AVO                  29.512       0.732      17.000    1.19%      23.000     27.000     29.000
              84.000      48.702       0.415      50.000    1.19%      30.000     35.000
     INT_POS               7.663       1.453       0.000    2.29%       3.000      6.000      7.000
             436.000      26.214       3.479      33.000    0.23%       8.000     11.000
     INT_NEG               9.303       1.474       0.000    3.10%       4.000      7.000      8.000
             419.000      38.416       3.940      45.000    0.24%       9.000     14.000
     DERS_SC               0.011       0.614      -1.589    1.18%      -0.917     -0.380     -0.111
              85.000       0.994      -0.344       2.442    1.18%       0.091      0.762
     LNB_SC                0.000      -1.181      -2.795    1.18%      -0.679     -0.049      0.198
              85.000       0.998       0.922       1.338    1.18%       0.417      0.803
     CCXDERS               0.082      -0.125      -3.423    1.18%      -0.433     -0.073      0.009
              85.000       0.830       2.848       2.638    1.18%       0.082      0.533


THE MODEL ESTIMATION TERMINATED NORMALLY



MODEL FIT INFORMATION

Number of Free Parameters                       24

Chi-Square Test of Model Fit

          Value                             25.259*
          Degrees of Freedom                    19
          P-Value                           0.1522

*   The chi-square value for MLM, MLMV, MLR, ULSMV, WLSM and WLSMV cannot be used
    for chi-square difference testing in the regular way.  MLM, MLR and WLSM
    chi-square difference testing is described on the Mplus website.  MLMV, WLSMV,
    and ULSMV difference testing is done using the DIFFTEST option.

RMSEA (Root Mean Square Error Of Approximation)

          Estimate                           0.025

CFI/TLI

          CFI                                0.885
          TLI                                0.813

Chi-Square Test of Model Fit for the Baseline Model

          Value                             85.575
          Degrees of Freedom                    31
          P-Value                           0.0000

SRMR (Standardized Root Mean Square Residual)

          Value for Within                   0.056
          Value for Between                  0.181



MODEL RESULTS

                                                    Two-Tailed
                    Estimate       S.E.  Est./S.E.    P-Value

Within Level

 Variances
    INT_POS           14.835      0.972     15.268      0.000
    INT_NEG           21.560      1.617     13.337      0.000

Between Level

 INT_NEG    ON
    AVO               -0.083      0.063     -1.311      0.190
    DERS_SC           -0.390      0.607     -0.642      0.521

 INT_POS    ON
    AVO               -0.079      0.065     -1.203      0.229
    DERS_SC           -0.569      0.536     -1.062      0.288

 VP_NEG     ON
    AVO                0.035      0.015      2.378      0.017
    DERS_SC           -0.150      0.106     -1.421      0.155

 VP_POS     ON
    AVO                0.022      0.015      1.528      0.127
    DERS_SC           -0.185      0.119     -1.555      0.120

 AVO        ON
    DERS_SC            3.791      0.733      5.173      0.000
    LNB_SC            -0.349      0.584     -0.598      0.550
    CCXDERS           -0.480      0.779     -0.616      0.538

 INT_POS  WITH
    INT_NEG           11.480      1.943      5.910      0.000

 Intercepts
    AVO               29.551      0.771     38.333      0.000
    INT_POS            9.902      2.024      4.893      0.000
    INT_NEG           11.682      2.040      5.728      0.000

 Thresholds
    VP_POS$1           1.417      0.450      3.149      0.002
    VP_NEG$1           1.777      0.459      3.872      0.000

 Residual Variances
    VP_POS             0.152      0.107      1.428      0.153
    VP_NEG             0.186      0.110      1.689      0.091
    AVO               33.897      5.285      6.414      0.000
    INT_POS           10.206      1.924      5.304      0.000
    INT_NEG           15.119      2.538      5.957      0.000

New/Additional Parameters
    POS_IND_          -0.298      0.248     -1.199      0.231
    POS_TOT_          -0.867      0.473     -1.834      0.067
    NEG_IND_          -0.315      0.245     -1.287      0.198
    NEG_TOT_          -0.705      0.549     -1.283      0.199
    DIF_IND_           0.017      0.203      0.085      0.933
    POS_IND_           0.085      0.057      1.484      0.138
    POS_TOT_          -0.100      0.104     -0.955      0.339
    NEG_IND_           0.133      0.058      2.305      0.021
    NEG_TOT_          -0.017      0.099     -0.175      0.861
    DIF_IND_          -0.048      0.055     -0.877      0.381


STANDARDIZED MODEL RESULTS


STDYX Standardization

                                                    Two-Tailed
                    Estimate       S.E.  Est./S.E.    P-Value

Within Level

 Variances
    INT_POS            1.000      0.000    999.000    999.000
    INT_NEG            1.000      0.000    999.000    999.000

Between Level

 INT_NEG    ON
    AVO               -0.140      0.106     -1.328      0.184
    DERS_SC           -0.089      0.139     -0.642      0.521

 INT_POS    ON
    AVO               -0.159      0.130     -1.223      0.221
    DERS_SC           -0.155      0.145     -1.073      0.283

 VP_NEG     ON
    AVO                0.492      0.185      2.658      0.008
    DERS_SC           -0.285      0.200     -1.420      0.156

 VP_POS     ON
    AVO                0.357      0.216      1.648      0.099
    DERS_SC           -0.396      0.250     -1.583      0.113

 AVO        ON
    DERS_SC            0.511      0.080      6.397      0.000
    LNB_SC            -0.047      0.077     -0.604      0.546
    CCXDERS           -0.053      0.086     -0.617      0.538

 INT_POS  WITH
    INT_NEG            0.924      0.055     16.673      0.000

 Intercepts
    AVO                4.403      0.340     12.940      0.000
    INT_POS            2.983      0.612      4.873      0.000
    INT_NEG            2.944      0.541      5.446      0.000

 Thresholds
    VP_POS$1           1.417      0.450      3.149      0.002
    VP_NEG$1           1.777      0.459      3.872      0.000

 Residual Variances
    VP_POS             0.855      0.150      5.701      0.000
    VP_NEG             0.815      0.138      5.917      0.000
    AVO                0.752      0.080      9.364      0.000
    INT_POS            0.926      0.064     14.457      0.000
    INT_NEG            0.960      0.043     22.241      0.000


STDY Standardization

                                                    Two-Tailed
                    Estimate       S.E.  Est./S.E.    P-Value

Within Level

 Variances
    INT_POS            1.000      0.000    999.000    999.000
    INT_NEG            1.000      0.000    999.000    999.000

Between Level

 INT_NEG    ON
    AVO               -0.140      0.106     -1.328      0.184
    DERS_SC           -0.098      0.153     -0.643      0.520

 INT_POS    ON
    AVO               -0.159      0.130     -1.223      0.221
    DERS_SC           -0.171      0.159     -1.076      0.282

 VP_NEG     ON
    AVO                0.492      0.185      2.658      0.008
    DERS_SC           -0.314      0.220     -1.429      0.153

 VP_POS     ON
    AVO                0.357      0.216      1.648      0.099
    DERS_SC           -0.438      0.275     -1.594      0.111

 AVO        ON
    DERS_SC            0.565      0.083      6.832      0.000
    LNB_SC            -0.052      0.086     -0.605      0.545
    CCXDERS           -0.071      0.116     -0.617      0.537

 INT_POS  WITH
    INT_NEG            0.924      0.055     16.673      0.000

 Intercepts
    AVO                4.403      0.340     12.940      0.000
    INT_POS            2.983      0.612      4.873      0.000
    INT_NEG            2.944      0.541      5.446      0.000

 Thresholds
    VP_POS$1           1.417      0.450      3.149      0.002
    VP_NEG$1           1.777      0.459      3.872      0.000

 Residual Variances
    VP_POS             0.855      0.150      5.701      0.000
    VP_NEG             0.815      0.138      5.917      0.000
    AVO                0.752      0.080      9.364      0.000
    INT_POS            0.926      0.064     14.457      0.000
    INT_NEG            0.960      0.043     22.241      0.000


STD Standardization

                                                    Two-Tailed
                    Estimate       S.E.  Est./S.E.    P-Value

Within Level

 Variances
    INT_POS           14.835      0.972     15.268      0.000
    INT_NEG           21.560      1.617     13.337      0.000

Between Level

 INT_NEG    ON
    AVO               -0.083      0.063     -1.311      0.190
    DERS_SC           -0.390      0.607     -0.642      0.521

 INT_POS    ON
    AVO               -0.079      0.065     -1.203      0.229
    DERS_SC           -0.569      0.536     -1.062      0.288

 VP_NEG     ON
    AVO                0.035      0.015      2.378      0.017
    DERS_SC           -0.150      0.106     -1.421      0.155

 VP_POS     ON
    AVO                0.022      0.015      1.528      0.127
    DERS_SC           -0.185      0.119     -1.555      0.120

 AVO        ON
    DERS_SC            3.791      0.733      5.173      0.000
    LNB_SC            -0.349      0.584     -0.598      0.550
    CCXDERS           -0.480      0.779     -0.616      0.538

 INT_POS  WITH
    INT_NEG           11.480      1.943      5.910      0.000

 Intercepts
    AVO               29.551      0.771     38.333      0.000
    INT_POS            9.902      2.024      4.893      0.000
    INT_NEG           11.682      2.040      5.728      0.000

 Thresholds
    VP_POS$1           1.417      0.450      3.149      0.002
    VP_NEG$1           1.777      0.459      3.872      0.000

 Residual Variances
    VP_POS             0.152      0.107      1.428      0.153
    VP_NEG             0.186      0.110      1.689      0.091
    AVO               33.897      5.285      6.414      0.000
    INT_POS           10.206      1.924      5.304      0.000
    INT_NEG           15.119      2.538      5.957      0.000


R-SQUARE

Within Level

Between Level

    Observed                                        Two-Tailed
    Variable        Estimate       S.E.  Est./S.E.    P-Value

    VP_POS             0.145      0.150      0.963      0.335
    VP_NEG             0.185      0.138      1.343      0.179
    AVO                0.248      0.080      3.082      0.002
    INT_POS            0.074      0.064      1.150      0.250
    INT_NEG            0.040      0.043      0.927      0.354


QUALITY OF NUMERICAL RESULTS

     Condition Number for the Information Matrix              0.810E-05
       (ratio of smallest to largest eigenvalue)


RESIDUAL OUTPUT


     ESTIMATED MODEL AND RESIDUALS (OBSERVED - ESTIMATED)


           Model Estimated Means/Intercepts/Thresholds
              VP_POS$1      VP_NEG$1      AVO           INT_POS       INT_NEG
              ________      ________      ________      ________      ________
                0.754         0.741        29.551         7.581         9.227


           Residuals for Means/Intercepts/Thresholds
              VP_POS$1      VP_NEG$1      AVO           INT_POS       INT_NEG
              ________      ________      ________      ________      ________
                0.000         0.000         0.000         0.000         0.000


           Model Estimated Slopes
              DERS_SC       LNB_SC        CCXDERS
              ________      ________      ________
 VP_POS        -0.100        -0.008        -0.011
 VP_NEG        -0.017        -0.012        -0.017
 AVO            3.791        -0.349        -0.480
 INT_POS       -0.867         0.027         0.038
 INT_NEG       -0.705         0.029         0.040


           Residuals for Slopes
              DERS_SC       LNB_SC        CCXDERS
              ________      ________      ________
 VP_POS         0.000         0.142         0.117
 VP_NEG         0.000        -0.060        -0.001
 AVO            0.000         0.001        -0.050
 INT_POS        0.000         0.270         0.572
 INT_NEG        0.000        -0.251        -0.254


           Model Estimated Within Level Covariances
              VP_POS        VP_NEG        AVO           INT_POS       INT_NEG
              ________      ________      ________      ________      ________
 VP_POS         1.000
 VP_NEG         0.000         1.000
 AVO            0.000         0.000         0.000
 INT_POS        0.000         0.000         0.000        14.835
 INT_NEG        0.000         0.000         0.000         0.000        21.560


           Residuals for Within Level Covariances
              VP_POS        VP_NEG        AVO           INT_POS       INT_NEG
              ________      ________      ________      ________      ________
 VP_POS         0.000
 VP_NEG         0.137         0.000
 AVO            0.000         0.000         0.000
 INT_POS        0.282        -0.146         0.000         0.000
 INT_NEG       -0.104        -0.074         0.000         1.217         0.000


           Model Estimated Within Level Correlations
              VP_POS        VP_NEG        AVO           INT_POS       INT_NEG
              ________      ________      ________      ________      ________
 VP_POS         1.000
 VP_NEG         0.000         1.000
 AVO            0.000         0.000         1.000
 INT_POS        0.000         0.000         0.000         1.000
 INT_NEG        0.000         0.000         0.000         0.000         1.000


           Residuals for Within Level Correlations
              VP_POS        VP_NEG        AVO           INT_POS       INT_NEG
              ________      ________      ________      ________      ________
 VP_POS         0.000
 VP_NEG         0.137         0.000
 AVO            0.000         0.000         0.000
 INT_POS        0.073        -0.038         0.000         0.000
 INT_NEG       -0.022        -0.016         0.000         0.068         0.000


           Model Estimated Between Level Covariances
              VP_POS        VP_NEG        AVO           INT_POS       INT_NEG
              ________      ________      ________      ________      ________
 VP_POS         0.169
 VP_NEG         0.027         0.228
 AVO            0.760         1.188        33.897
 INT_POS       -0.060        -0.093        -2.662        10.415
 INT_NEG       -0.063        -0.099        -2.816        11.702        15.353


           Residuals for Between Level Covariances
              VP_POS        VP_NEG        AVO           INT_POS       INT_NEG
              ________      ________      ________      ________      ________
 VP_POS         0.000
 VP_NEG         0.170         0.000
 AVO           -0.391        -0.250         1.166
 INT_POS       -0.493        -0.021         0.784         0.000
 INT_NEG       -0.579        -0.307         1.045         0.000         0.000


           Model Estimated Between Level Correlations
              VP_POS        VP_NEG        AVO           INT_POS       INT_NEG
              ________      ________      ________      ________      ________
 VP_POS         1.000
 VP_NEG         0.136         1.000
 AVO            0.317         0.428         1.000
 INT_POS       -0.045        -0.061        -0.142         1.000
 INT_NEG       -0.039        -0.053        -0.123         0.925         1.000


           Residuals for Between Level Correlations
              VP_POS        VP_NEG        AVO           INT_POS       INT_NEG
              ________      ________      ________      ________      ________
 VP_POS         0.000
 VP_NEG         0.864         0.000
 AVO           -0.166        -0.096         0.000
 INT_POS       -0.371        -0.014         0.043         0.000
 INT_NEG       -0.359        -0.164         0.047         0.000         0.000


           Model Estimated Within Means/Thresholds for the Joint Model (Dependent and Independent)
              VP_POS$1      VP_NEG$1      AVO           INT_POS       INT_NEG
              ________      ________      ________      ________      ________
                0.000         0.000         0.000         0.000         0.000


           Model Estimated Within Means/Thresholds for the Joint Model (Dependent and Independent)
              DERS_SC       LNB_SC        CCXDERS
              ________      ________      ________
                0.000         0.000         0.000


           Residuals for Within Means/Thresholds for the Joint Model (Dependent and Independent)
              VP_POS$1      VP_NEG$1      AVO           INT_POS       INT_NEG
              ________      ________      ________      ________      ________
                0.000         0.000         0.000         0.000         0.000


           Residuals for Within Means/Thresholds for the Joint Model (Dependent and Independent)
              DERS_SC       LNB_SC        CCXDERS
              ________      ________      ________
                0.000         0.000         0.000


           Model Estimated Within Covariances/Correlations for the Joint Model (Dependent and Independent)
              VP_POS        VP_NEG        AVO           INT_POS       INT_NEG
              ________      ________      ________      ________      ________
 VP_POS         1.000
 VP_NEG         0.137         1.000
 AVO            0.000         0.000         0.000
 INT_POS        0.282        -0.146         0.000        14.835
 INT_NEG       -0.104        -0.074         0.000         1.217        21.560
 DERS_SC        0.000         0.000         0.000         0.000         0.000
 LNB_SC         0.000         0.000         0.000         0.000         0.000
 CCXDERS        0.000         0.000         0.000         0.000         0.000


           Model Estimated Within Covariances/Correlations for the Joint Model (Dependent and Independent)
              DERS_SC       LNB_SC        CCXDERS
              ________      ________      ________
 DERS_SC        0.000
 LNB_SC         0.000         0.000
 CCXDERS        0.000         0.000         0.000


           Residuals for Within Covariances/Correlations for the Joint Model (Dependent and Independent)
              VP_POS        VP_NEG        AVO           INT_POS       INT_NEG
              ________      ________      ________      ________      ________
 VP_POS         0.000
 VP_NEG         0.000         0.000
 AVO            0.000         0.000         0.000
 INT_POS        0.000         0.000         0.000         0.000
 INT_NEG        0.000         0.000         0.000         0.000         0.000
 DERS_SC        0.000         0.000         0.000         0.000         0.000
 LNB_SC         0.000         0.000         0.000         0.000         0.000
 CCXDERS        0.000         0.000         0.000         0.000         0.000


           Residuals for Within Covariances/Correlations for the Joint Model (Dependent and Independent)
              DERS_SC       LNB_SC        CCXDERS
              ________      ________      ________
 DERS_SC        0.000
 LNB_SC         0.000         0.000
 CCXDERS        0.000         0.000         0.000


           Model Estimated Within Correlations for the Joint Model (Dependent and Independent)
              VP_POS        VP_NEG        AVO           INT_POS       INT_NEG
              ________      ________      ________      ________      ________
 VP_POS         1.000
 VP_NEG         0.137         1.000
 AVO            0.000         0.000         0.000
 INT_POS        0.073        -0.038         0.000         1.000
 INT_NEG       -0.022        -0.016         0.000         0.068         1.000
 DERS_SC        0.000         0.000         0.000         0.000         0.000
 LNB_SC         0.000         0.000         0.000         0.000         0.000
 CCXDERS        0.000         0.000         0.000         0.000         0.000


           Model Estimated Within Correlations for the Joint Model (Dependent and Independent)
              DERS_SC       LNB_SC        CCXDERS
              ________      ________      ________
 DERS_SC        0.000
 LNB_SC         0.000         0.000
 CCXDERS        0.000         0.000         0.000


           Residuals for Within Correlations for the Joint Model (Dependent and Independent)
              VP_POS        VP_NEG        AVO           INT_POS       INT_NEG
              ________      ________      ________      ________      ________
 VP_POS         0.000
 VP_NEG         0.000         0.000
 AVO            0.000         0.000         0.000
 INT_POS        0.000         0.000         0.000         0.000
 INT_NEG        0.000         0.000         0.000         0.000         0.000
 DERS_SC        0.000         0.000         0.000         0.000         0.000
 LNB_SC         0.000         0.000         0.000         0.000         0.000
 CCXDERS        0.000         0.000         0.000         0.000         0.000


           Residuals for Within Correlations for the Joint Model (Dependent and Independent)
              DERS_SC       LNB_SC        CCXDERS
              ________      ________      ________
 DERS_SC        0.000
 LNB_SC         0.000         0.000
 CCXDERS        0.000         0.000         0.000


           Model Estimated Between Means/Thresholds for the Joint Model (Dependent and Independent)
              VP_POS$1      VP_NEG$1      AVO           INT_POS       INT_NEG
              ________      ________      ________      ________      ________
                0.748         0.743        29.155         7.659         9.292


           Model Estimated Between Means/Thresholds for the Joint Model (Dependent and Independent)
              DERS_SC       LNB_SC        CCXDERS
              ________      ________      ________
               -0.083         0.040         0.145


           Residuals for Between Means/Thresholds for the Joint Model (Dependent and Independent)
              VP_POS$1      VP_NEG$1      AVO           INT_POS       INT_NEG
              ________      ________      ________      ________      ________
               -0.023         0.003        -0.007         0.094        -0.047


           Residuals for Between Means/Thresholds for the Joint Model (Dependent and Independent)
              DERS_SC       LNB_SC        CCXDERS
              ________      ________      ________
                0.000         0.000         0.000


           Model Estimated Between Covariances/Correlations for the Joint Model (Dependent and Independent)
              VP_POS        VP_NEG        AVO           INT_POS       INT_NEG
              ________      ________      ________      ________      ________
 VP_POS         0.178
 VP_NEG         0.198         0.228
 AVO            0.063         0.878        46.219
 INT_POS       -0.481        -0.100        -4.463        11.017
 INT_NEG       -0.584        -0.394        -3.868        12.190        15.749
 DERS_SC       -0.084        -0.018         3.003        -0.702        -0.569
 LNB_SC        -0.019        -0.009         0.368        -0.113        -0.088
 CCXDERS       -0.015        -0.009         0.207        -0.078        -0.059


           Model Estimated Between Covariances/Correlations for the Joint Model (Dependent and Independent)
              DERS_SC       LNB_SC        CCXDERS
              ________      ________      ________
 DERS_SC        0.820
 LNB_SC         0.148         0.800
 CCXDERS        0.108        -0.178         0.551


           Residuals for Between Covariances/Correlations for the Joint Model (Dependent and Independent)
              VP_POS        VP_NEG        AVO           INT_POS       INT_NEG
              ________      ________      ________      ________      ________
 VP_POS         0.009
 VP_NEG        -0.007         0.004
 AVO            0.075        -0.023        -0.019
 INT_POS        0.009        -0.008         0.209         0.034
 INT_NEG       -0.044         0.020        -0.138        -0.106         0.138
 DERS_SC        0.034        -0.009        -0.005         0.102        -0.065
 LNB_SC         0.093        -0.048         0.009         0.114        -0.156
 CCXDERS        0.040         0.010        -0.028         0.268        -0.096


           Residuals for Between Covariances/Correlations for the Joint Model (Dependent and Independent)
              DERS_SC       LNB_SC        CCXDERS
              ________      ________      ________
 DERS_SC        0.000
 LNB_SC         0.000         0.000
 CCXDERS        0.000         0.000         0.000


           Model Estimated Between Correlations for the Joint Model (Dependent and Independent)
              VP_POS        VP_NEG        AVO           INT_POS       INT_NEG
              ________      ________      ________      ________      ________
 VP_POS         1.000
 VP_NEG         0.983         1.000
 AVO            0.022         0.270         1.000
 INT_POS       -0.343        -0.063        -0.198         1.000
 INT_NEG       -0.349        -0.208        -0.143         0.925         1.000
 DERS_SC       -0.220        -0.041         0.488        -0.234        -0.158
 LNB_SC        -0.051        -0.022         0.061        -0.038        -0.025
 CCXDERS       -0.049        -0.025         0.041        -0.032        -0.020


           Model Estimated Between Correlations for the Joint Model (Dependent and Independent)
              DERS_SC       LNB_SC        CCXDERS
              ________      ________      ________
 DERS_SC        1.000
 LNB_SC         0.183         1.000
 CCXDERS        0.161        -0.267         1.000


           Residuals for Between Correlations for the Joint Model (Dependent and Independent)
              VP_POS        VP_NEG        AVO           INT_POS       INT_NEG
              ________      ________      ________      ________      ________
 VP_POS         0.000
 VP_NEG        -0.065         0.000
 AVO            0.025        -0.009         0.000
 INT_POS        0.015        -0.004         0.009         0.000
 INT_NEG       -0.016         0.013        -0.004        -0.013         0.000
 DERS_SC        0.091        -0.020        -0.001         0.034        -0.017
 LNB_SC         0.241        -0.111         0.002         0.039        -0.044
 CCXDERS        0.125         0.028        -0.005         0.108        -0.032


           Residuals for Between Correlations for the Joint Model (Dependent and Independent)
              DERS_SC       LNB_SC        CCXDERS
              ________      ________      ________
 DERS_SC        0.000
 LNB_SC         0.000         0.000
 CCXDERS        0.000         0.000         0.000


     Beginning Time:  09:43:35
        Ending Time:  09:43:36
       Elapsed Time:  00:00:01



MUTHEN & MUTHEN
3463 Stoner Ave.
Los Angeles, CA  90066

Tel: (310) 391-9971
Fax: (310) 391-8971
Web: www.StatModel.com
Support: Support@StatModel.com

Copyright (c) 1998-2019 Muthen & Muthen
