Mplus VERSION 8.4 (Mac)
MUTHEN & MUTHEN
12/29/2022   4:07 PM

INPUT INSTRUCTIONS

  !MSEM for Vividness, 12/28/2022
  title: Simple model looking at vividness only;

  DATA: FILE = "df_MPlus_12_28.dat";
  VARIABLE:
  NAMES = ID trial DERS Avo AvoS LNB_MEFF LNB_log AMT_Pos AMT_Neg VP_Pos VP_Neg
       Rich_Pos Rich_Neg Det_Pos Det_Neg Viv_Pos Viv_Neg Int_Pos Int_Neg Ext_Pos
       Ext_Neg DERS_sq Avo_sq;
  USEVARIABLES = ID DERS_sq Avo_sq Viv_Pos Viv_Neg;
  MISSING=.;
  CLUSTER = ID;
  BETWEEN = DERS_sq Avo_sq;
  ANALYSIS:
  TYPE = TWOLEVEL;
  ESTIMATOR = ML;
  MODEL:
  %WITHIN%
  Viv_Neg; !variance at the within-person level
  Viv_Pos; !if you want to model means, use [] around the var name
  %BETWEEN%
  Viv_Neg on Avo_sq (b1)
           DERS_sq (c1);
  Viv_Pos on Avo_sq (b2)
          DERS_sq (c2);
  Avo_sq on DERS_sq (a);
  Viv_Pos WITH Viv_Neg;

  MODEL CONSTRAINT:
  NEW(pos_ind_viv pos_tot_viv neg_ind_viv neg_tot_viv dif_ind_viv);
  pos_ind_viv = b2*a;
  pos_tot_viv = b2*a + c2;
  neg_ind_viv = b1*a;
  neg_tot_viv = b1*a + c1;
  dif_ind_viv = pos_ind_viv - neg_ind_viv;

  output:
  stand residual;



INPUT READING TERMINATED NORMALLY



Simple model looking at vividness only;

SUMMARY OF ANALYSIS

Number of groups                                                 1
Number of observations                                         570

Number of dependent variables                                    3
Number of independent variables                                  1
Number of continuous latent variables                            0

Observed dependent variables

  Continuous
   AVO_SQ      VIV_POS     VIV_NEG

Observed independent variables
   DERS_SQ

Variables with special functions

  Cluster variable      ID

  Between variables
   DERS_SQ     AVO_SQ


Estimator                                                       ML
Information matrix                                        OBSERVED
Maximum number of iterations                                   100
Convergence criterion                                    0.100D-05
Maximum number of EM iterations                                500
Convergence criteria for the EM algorithm
  Loglikelihood change                                   0.100D-02
  Relative loglikelihood change                          0.100D-05
  Derivative                                             0.100D-03
Minimum variance                                         0.100D-03
Maximum number of steepest descent iterations                   20
Maximum number of iterations for H1                           2000
Convergence criterion for H1                             0.100D-03
Optimization algorithm                                         EMA

Input data file(s)
  df_MPlus_12_28.dat
Input data format  FREE


SUMMARY OF DATA

     Number of missing data patterns             6
     Number of clusters                         95

     Average cluster size        6.000

     Estimated Intraclass Correlations for the Y Variables

                Intraclass              Intraclass
     Variable  Correlation   Variable  Correlation

     VIV_POS      0.338      VIV_NEG      0.286



COVARIANCE COVERAGE OF DATA

Minimum covariance coverage value   0.100


     PROPORTION OF DATA PRESENT


           Covariance Coverage
              AVO_SQ        VIV_POS       VIV_NEG       DERS_SQ
              ________      ________      ________      ________
 AVO_SQ         0.989
 VIV_POS        0.846         0.854
 VIV_NEG        0.818         0.719         0.828
 DERS_SQ        0.989         0.854         0.828         1.000



UNIVARIATE SAMPLE STATISTICS


     UNIVARIATE HIGHER-ORDER MOMENT DESCRIPTIVE STATISTICS

         Variable/         Mean/     Skewness/   Minimum/ % with                Percentiles
        Sample Size      Variance    Kurtosis    Maximum  Min/Max      20%/60%    40%/80%    Median

     AVO_SQ                5.394       0.419       4.123    1.06%       4.796      5.196      5.385
              94.000       0.390      -0.124       7.071    1.06%       5.477      5.916
     VIV_POS              16.782      -0.062       5.000    0.41%      13.000     15.000     17.000
             487.000      20.593      -0.649      25.000    5.13%      18.000     21.000
     VIV_NEG              17.078      -0.179       6.000    0.64%      13.000     16.000     17.000
             472.000      19.941      -0.649      25.000    4.66%      19.000     21.000
     DERS_SQ               6.513       0.268       4.472    2.11%       5.477      6.164      6.481
              95.000       1.235      -0.665       8.944    1.05%       6.782      7.416


THE MODEL ESTIMATION TERMINATED NORMALLY



MODEL FIT INFORMATION

Number of Free Parameters                       14

Loglikelihood

          H0 Value                       -2786.659
          H1 Value                       -2785.268

Information Criteria

          Akaike (AIC)                    5601.318
          Bayesian (BIC)                  5662.157
          Sample-Size Adjusted BIC        5617.713
            (n* = (n + 2) / 24)

Chi-Square Test of Model Fit

          Value                              2.782
          Degrees of Freedom                     1
          P-Value                           0.0953

RMSEA (Root Mean Square Error Of Approximation)

          Estimate                           0.056

CFI/TLI

          CFI                                0.976
          TLI                                0.830

Chi-Square Test of Model Fit for the Baseline Model

          Value                             80.324
          Degrees of Freedom                     7
          P-Value                           0.0000

SRMR (Standardized Root Mean Square Residual)

          Value for Within                   0.054
          Value for Between                  0.012



MODEL RESULTS

                                                    Two-Tailed
                    Estimate       S.E.  Est./S.E.    P-Value

Within Level

 Variances
    VIV_POS           13.616      0.971     14.029      0.000
    VIV_NEG           14.267      1.037     13.764      0.000

Between Level

 VIV_NEG    ON
    AVO_SQ             0.025      0.551      0.045      0.964
    DERS_SQ            0.422      0.309      1.366      0.172

 VIV_POS    ON
    AVO_SQ            -0.225      0.590     -0.381      0.704
    DERS_SQ           -0.002      0.331     -0.007      0.995

 AVO_SQ     ON
    DERS_SQ            0.277      0.050      5.505      0.000

 VIV_POS  WITH
    VIV_NEG            5.695      1.095      5.201      0.000

 Intercepts
    AVO_SQ             3.594      0.332     10.828      0.000
    VIV_POS           17.925      2.829      6.336      0.000
    VIV_NEG           14.116      2.642      5.342      0.000

 Residual Variances
    AVO_SQ             0.295      0.043      6.856      0.000
    VIV_POS            6.948      1.407      4.939      0.000
    VIV_NEG            5.486      1.236      4.439      0.000

New/Additional Parameters
    POS_IND_          -0.062      0.164     -0.379      0.704
    POS_TOT_          -0.064      0.286     -0.225      0.822
    NEG_IND_           0.007      0.152      0.045      0.964
    NEG_TOT_           0.428      0.267      1.604      0.109
    DIF_IND_          -0.069      0.136     -0.506      0.613


STANDARDIZED MODEL RESULTS


STDYX Standardization

                                                    Two-Tailed
                    Estimate       S.E.  Est./S.E.    P-Value

Within Level

 Variances
    VIV_POS            1.000      0.000    999.000    999.000
    VIV_NEG            1.000      0.000    999.000    999.000

Between Level

 VIV_NEG    ON
    AVO_SQ             0.006      0.144      0.045      0.964
    DERS_SQ            0.196      0.142      1.384      0.166

 VIV_POS    ON
    AVO_SQ            -0.053      0.140     -0.381      0.703
    DERS_SQ           -0.001      0.139     -0.007      0.995

 AVO_SQ     ON
    DERS_SQ            0.493      0.078      6.330      0.000

 VIV_POS  WITH
    VIV_NEG            0.922      0.078     11.810      0.000

 Intercepts
    AVO_SQ             5.757      0.852      6.760      0.000
    VIV_POS            6.790      1.240      5.475      0.000
    VIV_NEG            5.906      1.371      4.307      0.000

 Residual Variances
    AVO_SQ             0.757      0.077      9.851      0.000
    VIV_POS            0.997      0.013     77.146      0.000
    VIV_NEG            0.960      0.049     19.760      0.000


STDY Standardization

                                                    Two-Tailed
                    Estimate       S.E.  Est./S.E.    P-Value

Within Level

 Variances
    VIV_POS            1.000      0.000    999.000    999.000
    VIV_NEG            1.000      0.000    999.000    999.000

Between Level

 VIV_NEG    ON
    AVO_SQ             0.006      0.144      0.045      0.964
    DERS_SQ            0.176      0.127      1.390      0.164

 VIV_POS    ON
    AVO_SQ            -0.053      0.140     -0.381      0.703
    DERS_SQ           -0.001      0.125     -0.007      0.995

 AVO_SQ     ON
    DERS_SQ            0.444      0.066      6.703      0.000

 VIV_POS  WITH
    VIV_NEG            0.922      0.078     11.810      0.000

 Intercepts
    AVO_SQ             5.757      0.852      6.760      0.000
    VIV_POS            6.790      1.240      5.475      0.000
    VIV_NEG            5.906      1.371      4.307      0.000

 Residual Variances
    AVO_SQ             0.757      0.077      9.851      0.000
    VIV_POS            0.997      0.013     77.146      0.000
    VIV_NEG            0.960      0.049     19.760      0.000


STD Standardization

                                                    Two-Tailed
                    Estimate       S.E.  Est./S.E.    P-Value

Within Level

 Variances
    VIV_POS           13.616      0.971     14.029      0.000
    VIV_NEG           14.267      1.037     13.764      0.000

Between Level

 VIV_NEG    ON
    AVO_SQ             0.025      0.551      0.045      0.964
    DERS_SQ            0.422      0.309      1.366      0.172

 VIV_POS    ON
    AVO_SQ            -0.225      0.590     -0.381      0.704
    DERS_SQ           -0.002      0.331     -0.007      0.995

 AVO_SQ     ON
    DERS_SQ            0.277      0.050      5.505      0.000

 VIV_POS  WITH
    VIV_NEG            5.695      1.095      5.201      0.000

 Intercepts
    AVO_SQ             3.594      0.332     10.828      0.000
    VIV_POS           17.925      2.829      6.336      0.000
    VIV_NEG           14.116      2.642      5.342      0.000

 Residual Variances
    AVO_SQ             0.295      0.043      6.856      0.000
    VIV_POS            6.948      1.407      4.939      0.000
    VIV_NEG            5.486      1.236      4.439      0.000


R-SQUARE

Within Level

Between Level

    Observed                                        Two-Tailed
    Variable        Estimate       S.E.  Est./S.E.    P-Value

    AVO_SQ             0.243      0.077      3.165      0.002
    VIV_POS            0.003      0.013      0.222      0.824
    VIV_NEG            0.040      0.049      0.817      0.414


QUALITY OF NUMERICAL RESULTS

     Condition Number for the Information Matrix              0.168E-06
       (ratio of smallest to largest eigenvalue)


RESIDUAL OUTPUT


     ESTIMATED MODEL AND RESIDUALS (OBSERVED - ESTIMATED) FOR WITHIN


           Model Estimated Means
              AVO_SQ        VIV_POS       VIV_NEG       DERS_SQ
              ________      ________      ________      ________
                0.000         0.000         0.000         0.000


           Residuals for Means
              AVO_SQ        VIV_POS       VIV_NEG       DERS_SQ
              ________      ________      ________      ________
                0.000         0.000         0.000         0.000


           Model Estimated Covariances
              AVO_SQ        VIV_POS       VIV_NEG       DERS_SQ
              ________      ________      ________      ________
 AVO_SQ         0.000
 VIV_POS        0.000        13.616
 VIV_NEG        0.000         0.000        14.267
 DERS_SQ        0.000         0.000         0.000         0.000


           Residuals for Covariances
              AVO_SQ        VIV_POS       VIV_NEG       DERS_SQ
              ________      ________      ________      ________
 AVO_SQ         0.000
 VIV_POS        0.000        -0.005
 VIV_NEG        0.000         1.294        -0.015
 DERS_SQ        0.000         0.000         0.000         0.000


           Model Estimated Correlations
              AVO_SQ        VIV_POS       VIV_NEG       DERS_SQ
              ________      ________      ________      ________
 AVO_SQ         0.000
 VIV_POS        0.000         1.000
 VIV_NEG        0.000         0.000         1.000
 DERS_SQ        0.000         0.000         0.000         0.000


           Residuals for Correlations
              AVO_SQ        VIV_POS       VIV_NEG       DERS_SQ
              ________      ________      ________      ________
 AVO_SQ         0.000
 VIV_POS        0.000         0.000
 VIV_NEG        0.000         0.093         0.000
 DERS_SQ        0.000         0.000         0.000         0.000


     ESTIMATED MODEL AND RESIDUALS (OBSERVED - ESTIMATED) FOR BETWEEN


           Model Estimated Means
              AVO_SQ        VIV_POS       VIV_NEG       DERS_SQ
              ________      ________      ________      ________
                5.397        16.698        16.995         6.513


           Residuals for Means
              AVO_SQ        VIV_POS       VIV_NEG       DERS_SQ
              ________      ________      ________      ________
                0.000         0.006         0.002         0.000


           Model Estimated Covariances
              AVO_SQ        VIV_POS       VIV_NEG       DERS_SQ
              ________      ________      ________      ________
 AVO_SQ         0.390
 VIV_POS       -0.088         6.968
 VIV_NEG        0.154         5.659         5.713
 DERS_SQ        0.342        -0.080         0.529         1.235


           Residuals for Covariances
              AVO_SQ        VIV_POS       VIV_NEG       DERS_SQ
              ________      ________      ________      ________
 AVO_SQ         0.000
 VIV_POS        0.003        -0.023
 VIV_NEG       -0.004        -0.273        -0.017
 DERS_SQ        0.000        -0.003        -0.013         0.000


           Model Estimated Correlations
              AVO_SQ        VIV_POS       VIV_NEG       DERS_SQ
              ________      ________      ________      ________
 AVO_SQ         1.000
 VIV_POS       -0.054         1.000
 VIV_NEG        0.103         0.897         1.000
 DERS_SQ        0.493        -0.027         0.199         1.000


           Residuals for Correlations
              AVO_SQ        VIV_POS       VIV_NEG       DERS_SQ
              ________      ________      ________      ________
 AVO_SQ         0.000
 VIV_POS        0.002         0.000
 VIV_NEG       -0.002        -0.041         0.000
 DERS_SQ        0.000        -0.001        -0.005         0.000


     Beginning Time:  16:07:02
        Ending Time:  16:07:02
       Elapsed Time:  00:00:00



MUTHEN & MUTHEN
3463 Stoner Ave.
Los Angeles, CA  90066

Tel: (310) 391-9971
Fax: (310) 391-8971
Web: www.StatModel.com
Support: Support@StatModel.com

Copyright (c) 1998-2019 Muthen & Muthen
