Mplus VERSION 8.4 (Mac)
MUTHEN & MUTHEN
12/29/2022   4:07 PM

INPUT INSTRUCTIONS

  !MSEM for Vividness, 12/22/2022
  title: Simple model looking at vividness only;

  DATA: FILE = "df_MPlus_12_22.dat";
  VARIABLE:
  NAMES = ID trial DERS Avo AvoS LNB_MEFF LNB_log AMT_Pos AMT_Neg VP_Pos VP_Neg
       Rich_Pos Rich_Neg Det_Pos Det_Neg Viv_Pos Viv_Neg;
  MISSING=.;
  CLUSTER = ID;
  BETWEEN = DERS Avo;
  ANALYSIS:
  TYPE = TWOLEVEL;
  ESTIMATOR = ML;
  MODEL:
  %WITHIN%
  Viv_Neg; !variance at the within-person level
  Viv_Pos; !if you want to model means, use [] around the var name
  %BETWEEN%
  Viv_Neg on Avo (b1)
           DERS (c1);
  Viv_Pos on Avo (b2)
          DERS (c2);
  Avo on DERS (a);
  Viv_Pos WITH Viv_Neg;

  MODEL CONSTRAINT:
  NEW(pos_ind_viv pos_tot_viv neg_ind_viv neg_tot_viv dif_ind_viv);
  pos_ind_viv = b2*a;
  pos_tot_viv = b2*a + c2;
  neg_ind_viv = b1*a;
  neg_tot_viv = b1*a + c1;
  dif_ind_viv = pos_ind_viv - neg_ind_viv;

  output:
  stand residual;



*** WARNING in MODEL command
  Variable is uncorrelated with all other variables: TRIAL
*** WARNING in MODEL command
  Variable is uncorrelated with all other variables: AVOS
*** WARNING in MODEL command
  Variable is uncorrelated with all other variables: LNB_MEFF
*** WARNING in MODEL command
  Variable is uncorrelated with all other variables: LNB_LOG
*** WARNING in MODEL command
  Variable is uncorrelated with all other variables: AMT_POS
*** WARNING in MODEL command
  Variable is uncorrelated with all other variables: AMT_NEG
*** WARNING in MODEL command
  Variable is uncorrelated with all other variables: VP_POS
*** WARNING in MODEL command
  Variable is uncorrelated with all other variables: VP_NEG
*** WARNING in MODEL command
  Variable is uncorrelated with all other variables: RICH_POS
*** WARNING in MODEL command
  Variable is uncorrelated with all other variables: RICH_NEG
*** WARNING in MODEL command
  Variable is uncorrelated with all other variables: DET_POS
*** WARNING in MODEL command
  Variable is uncorrelated with all other variables: DET_NEG
*** WARNING in MODEL command
  At least one variable is uncorrelated with all other variables in the model.
  Check that this is what is intended.
*** WARNING
  One or more individual-level variables have no variation within a
  cluster for the following clusters.

     Variable   Cluster IDs with no within-cluster variation

      AVOS        10 11 12 13 14 15 16 17 18 19 20 21 22 23 24 25 26 27 29 30 31 32 33 34 35 36
                  37 38 39 40 41 42 43 44 45 46 47 48 49 50 51 52 53 54 55 56 57 58 59 60 61 62
                  63 64 65 66 67 68 69 70 71 72 73 74 75 76 77 78 79 80 81 82 83 84 85 86 87 88
                  89 90 91 92 93 94 95 96 1 2 3 4 5 6 7 8 9
      LNB_MEFF    10 11 12 13 14 15 16 17 18 19 20 21 22 23 24 25 26 27 29 30 31 32 33 34 35 36
                  37 38 39 40 41 42 43 44 45 46 47 48 49 50 51 52 53 54 55 56 57 58 59 60 61 62
                  63 64 65 66 67 68 69 70 71 72 73 74 75 76 77 78 79 80 81 82 83 84 85 86 87 88
                  89 90 91 92 93 94 95 96 1 2 3 4 5 6 7 8 9
      LNB_LOG     10 11 12 13 14 15 16 17 18 19 20 21 22 23 24 25 26 27 29 30 31 32 33 34 35 36
                  37 38 39 40 41 42 43 44 45 46 47 48 49 50 51 52 53 54 55 56 57 58 59 60 61 62
                  63 64 65 66 67 68 69 70 71 72 73 74 75 76 77 78 79 80 81 82 83 84 85 86 87 88
                  89 90 91 92 93 94 95 96 1 2 3 4 5 6 7 8 9
      AMT_POS     10 14 18 23 25 26 29 30 34 42 45 55 56 58 72 86 96 1 2 3 4 5 6 7 8 9
      AMT_NEG     14 25 26 27 29 30 36 39 42 46 52 55 69 78 81 85 87 96 1 2 3 4 5 6 7 8 9
      VP_POS      11 13 17 21 23 29 30 31 34 35 41 43 45 47 52 53 60 66 69 73 75 80 81 84 88 89
                  91 96 3 9
      VP_NEG      13 14 15 23 29 30 34 35 36 41 43 44 48 50 56 59 60 63 72 73 80 81 84 88 89 91
                  92 96 3 6 7 8 9
      RICH_POS    26 27 41 43 77 82 88 5
      RICH_NEG    21 26 41 5
      DET_POS     13 15 17 22 24 27 39 52 55 69 79 87 90 2 7
      DET_NEG     13 30 54 66 69 75 90 91 7

  14 WARNING(S) FOUND IN THE INPUT INSTRUCTIONS



Simple model looking at vividness only;

SUMMARY OF ANALYSIS

Number of groups                                                 1
Number of observations                                         570

Number of dependent variables                                   15
Number of independent variables                                  1
Number of continuous latent variables                            0

Observed dependent variables

  Continuous
   AVO         TRIAL       AVOS        LNB_MEFF    LNB_LOG     AMT_POS
   AMT_NEG     VP_POS      VP_NEG      RICH_POS    RICH_NEG    DET_POS
   DET_NEG     VIV_POS     VIV_NEG

Observed independent variables
   DERS

Variables with special functions

  Cluster variable      ID

  Between variables
   DERS        AVO


Estimator                                                       ML
Information matrix                                        OBSERVED
Maximum number of iterations                                   100
Convergence criterion                                    0.100D-05
Maximum number of EM iterations                                500
Convergence criteria for the EM algorithm
  Loglikelihood change                                   0.100D-02
  Relative loglikelihood change                          0.100D-05
  Derivative                                             0.100D-03
Minimum variance                                         0.100D-03
Maximum number of steepest descent iterations                   20
Maximum number of iterations for H1                           2000
Convergence criterion for H1                             0.100D-03
Optimization algorithm                                         EMA

Input data file(s)
  df_MPlus_12_22.dat
Input data format  FREE


SUMMARY OF DATA

     Number of missing data patterns            16
     Number of clusters                         95



COVARIANCE COVERAGE OF DATA

Minimum covariance coverage value   0.100


     PROPORTION OF DATA PRESENT


           Covariance Coverage
              AVO           TRIAL         AVOS          LNB_MEFF      LNB_LOG
              ________      ________      ________      ________      ________
 AVO            0.989
 TRIAL          0.989         1.000
 AVOS           0.989         0.989         0.989
 LNB_MEFF       0.884         0.895         0.884         0.895
 LNB_LOG        0.884         0.895         0.884         0.895         0.895
 AMT_POS        0.853         0.863         0.853         0.863         0.863
 AMT_NEG        0.861         0.872         0.861         0.872         0.872
 VP_POS         0.846         0.854         0.846         0.765         0.765
 VP_NEG         0.818         0.828         0.818         0.735         0.735
 RICH_POS       0.846         0.854         0.846         0.765         0.765
 RICH_NEG       0.818         0.828         0.818         0.735         0.735
 DET_POS        0.842         0.851         0.842         0.761         0.761
 DET_NEG        0.811         0.821         0.811         0.728         0.728
 VIV_POS        0.846         0.854         0.846         0.765         0.765
 VIV_NEG        0.818         0.828         0.818         0.735         0.735
 DERS           0.989         1.000         0.989         0.895         0.895


           Covariance Coverage
              AMT_POS       AMT_NEG       VP_POS        VP_NEG        RICH_POS
              ________      ________      ________      ________      ________
 AMT_POS        0.863
 AMT_NEG        0.863         0.872
 VP_POS         0.733         0.742         0.854
 VP_NEG         0.705         0.714         0.719         0.828
 RICH_POS       0.733         0.742         0.854         0.719         0.854
 RICH_NEG       0.705         0.714         0.719         0.828         0.719
 DET_POS        0.730         0.739         0.851         0.716         0.851
 DET_NEG        0.698         0.707         0.714         0.821         0.714
 VIV_POS        0.733         0.742         0.854         0.719         0.854
 VIV_NEG        0.705         0.714         0.719         0.828         0.719
 DERS           0.863         0.872         0.854         0.828         0.854


           Covariance Coverage
              RICH_NEG      DET_POS       DET_NEG       VIV_POS       VIV_NEG
              ________      ________      ________      ________      ________
 RICH_NEG       0.828
 DET_POS        0.716         0.851
 DET_NEG        0.821         0.711         0.821
 VIV_POS        0.719         0.851         0.714         0.854
 VIV_NEG        0.828         0.716         0.821         0.719         0.828
 DERS           0.828         0.851         0.821         0.854         0.828


           Covariance Coverage
              DERS
              ________
 DERS           1.000



UNIVARIATE SAMPLE STATISTICS


     UNIVARIATE HIGHER-ORDER MOMENT DESCRIPTIVE STATISTICS

         Variable/         Mean/     Skewness/   Minimum/ % with                Percentiles
        Sample Size      Variance    Kurtosis    Maximum  Min/Max      20%/60%    40%/80%    Median

     AVO                  29.489       0.710      17.000    1.06%      23.000     27.000     29.000
              94.000      47.867       0.311      50.000    1.06%      30.000     35.000
     TRIAL                 3.500       0.000       1.000   16.67%       2.000      3.000      3.500
             570.000       2.917      -1.269       6.000   16.67%       4.000      5.000
     AVOS                 23.660       0.735      13.000    1.06%      18.000     22.000     23.000
             564.000      33.352       0.827      45.000    1.06%      25.000     28.000
     LNB_MEFF              4.668      -1.181       3.849    1.18%       4.469      4.653      4.726
             510.000       0.086       0.922       5.059    1.18%       4.790      4.903
     LNB_LOG               1.539      -1.331       1.348    1.18%       1.497      1.538      1.553
             510.000       0.004       1.309       1.621    1.18%       1.566      1.590
     AMT_POS               1.736       1.643       1.000   76.83%       1.000      1.000      1.000
             492.000       2.097       0.927       5.000   14.84%       1.000      3.000
     AMT_NEG               1.895       1.324       1.000   72.23%       1.000      1.000      1.000
             497.000       2.395      -0.024       5.000   17.71%       1.000      3.000
     VP_POS                1.244       1.190       1.000   75.56%       1.000      1.000      1.000
             487.000       0.185      -0.584       2.000   24.44%       1.000      2.000
     VP_NEG                1.239       1.221       1.000   76.06%       1.000      1.000      1.000
             472.000       0.182      -0.508       2.000   23.94%       1.000      2.000
     RICH_POS              5.097       0.479       1.000    3.08%       3.000      4.000      5.000
             487.000       4.494      -0.563       9.000   10.27%       5.000      8.000
     RICH_NEG              5.095       0.383       1.000    3.81%       3.000      4.000      5.000
             472.000       4.904      -0.778       9.000    9.96%       5.000      8.000
     DET_POS               0.662       1.375       0.000   52.99%       0.000      0.000      0.000
             485.000       0.719       2.079       5.000    0.21%       1.000      1.000
     DET_NEG               0.846       1.195       0.000   48.29%       0.000      0.000      1.000
             468.000       1.058       0.863       5.000    0.21%       1.000      2.000
     VIV_POS              16.782      -0.062       5.000    0.41%      13.000     15.000     17.000
             487.000      20.593      -0.649      25.000    5.13%      18.000     21.000
     VIV_NEG              17.078      -0.179       6.000    0.64%      13.000     16.000     17.000
             472.000      19.941      -0.649      25.000    4.66%      19.000     21.000
     DERS                 43.653       0.584      20.000    2.11%      30.000     38.000     42.000
              95.000     221.237      -0.371      80.000    1.05%      46.000     55.000

     THE ESTIMATED WITHIN COVARIANCE MATRIX IS NOT POSITIVE DEFINITE AS IT
     SHOULD BE.  COMPUTATION COULD NOT BE COMPLETED.
     THE VARIANCE OF LNB_LOG APPROACHES 0.  FIX THIS VARIANCE AND THE
     CORRESPONDING COVARIANCES TO 0, DECREASE THE MINIMUM VARIANCE, OR
     SPECIFY THE VARIABLE AS A BETWEEN VARIABLE.


     THE MODEL ESTIMATION DID NOT TERMINATE NORMALLY DUE TO AN ERROR IN THE
     COMPUTATION.  CHANGE YOUR MODEL AND/OR STARTING VALUES.


     A MATRIX COULD NOT BE INVERTED DURING THE H1 MODEL ESTIMATION.
     THE ESTIMATED WITHIN COVARIANCE MATRIX IS NOT POSITIVE DEFINITE AS IT
     SHOULD BE.  COMPUTATION COULD NOT BE COMPLETED.
     THE VARIANCE OF AVOS APPROACHES 0.  FIX THIS VARIANCE AND THE
     CORRESPONDING COVARIANCES TO 0, DECREASE THE MINIMUM VARIANCE, OR
     SPECIFY THE VARIABLE AS A BETWEEN VARIABLE.

     THE H1 MODEL ESTIMATION DID NOT CONVERGE.  CHI-SQUARE TEST AND SAMPLE STATISTICS COULD NOT
     BE COMPUTED.


     A MATRIX COULD NOT BE INVERTED DURING THE BASELINE MODEL ESTIMATION.
     THE ESTIMATED WITHIN COVARIANCE MATRIX IS NOT POSITIVE DEFINITE AS IT
     SHOULD BE.  COMPUTATION COULD NOT BE COMPLETED.
     THE VARIANCE OF AVOS APPROACHES 0.  FIX THIS VARIANCE AND THE
     CORRESPONDING COVARIANCES TO 0, DECREASE THE MINIMUM VARIANCE, OR
     SPECIFY THE VARIABLE AS A BETWEEN VARIABLE.

     THE BASELINE MODEL ESTIMATION DID NOT CONVERGE.  THE CHI-SQUARE VALUE
     COULD NOT BE COMPUTED.






MODEL RESULTS

                    Estimate

Within Level

 Variances
    TRIAL              2.961
    AVOS               0.000
    LNB_MEFF           0.000
    LNB_LOG            0.000
    AMT_POS            2.068
    AMT_NEG            2.236
    VP_POS             0.168
    VP_NEG             0.158
    RICH_POS           2.652
    RICH_NEG           3.137
    DET_POS            0.605
    DET_NEG            0.895
    VIV_POS           13.459
    VIV_NEG           14.020

Between Level

 VIV_NEG    ON
    AVO                0.014
    DERS               0.026

 VIV_POS    ON
    AVO               -0.020
    DERS               0.000

 AVO        ON
    DERS               0.226

 VIV_POS  WITH
    VIV_NEG            5.379

 Means
    TRIAL              3.500
    AVOS              23.660
    LNB_MEFF           4.668
    LNB_LOG            1.539
    AMT_POS            1.736
    AMT_NEG            1.895
    VP_POS             1.244
    VP_NEG             1.240
    RICH_POS           5.074
    RICH_NEG           5.076
    DET_POS            0.655
    DET_NEG            0.841

 Intercepts
    AVO               19.639
    VIV_POS           17.279
    VIV_NEG           15.463

 Variances
    TRIAL              0.044
    AVOS              33.352
    LNB_MEFF           0.086
    LNB_LOG            0.004
    AMT_POS            0.093
    AMT_NEG            0.200
    VP_POS             0.019
    VP_NEG             0.025
    RICH_POS           1.774
    RICH_NEG           1.754
    DET_POS            0.116
    DET_NEG            0.167

 Residual Variances
    AVO               36.492
    VIV_POS            7.209
    VIV_NEG            5.940

New/Additional Parameters
    POS_IND_          -0.005
    POS_TOT_          -0.004
    NEG_IND_           0.003
    NEG_TOT_           0.029
    DIF_IND_          -0.008


MODEL COMMAND WITH FINAL ESTIMATES USED AS STARTING VALUES

     %WITHIN%

     trial*2.96068;
     avos*0.00000;
     lnb_meff*0.00000;
     lnb_log*0.00000;
     amt_pos*2.06838;
     amt_neg*2.23617;
     vp_pos*0.16759;
     vp_neg*0.15824;
     rich_pos*2.65209;
     rich_neg*3.13652;
     det_pos*0.60541;
     det_neg*0.89511;
     viv_pos*13.45887;
     viv_neg*14.01994;

     %BETWEEN%

     viv_neg ON avo*0.01373 (b1);
     viv_neg ON ders*0.02576 (c1);
     viv_pos ON avo*-0.02016 (b2);
     viv_pos ON ders*0.00046 (c2);
     avo ON ders*0.22631 (a);

     viv_pos WITH viv_neg*5.37928;

     [ avo*19.63896 ];
     [ trial*3.50000 ];
     [ avos*23.65957 ];
     [ lnb_meff*4.66759 ];
     [ lnb_log*1.53856 ];
     [ amt_pos*1.73577 ];
     [ amt_neg*1.89473 ];
     [ vp_pos*1.24375 ];
     [ vp_neg*1.24022 ];
     [ rich_pos*5.07354 ];
     [ rich_neg*5.07635 ];
     [ det_pos*0.65499 ];
     [ det_neg*0.84150 ];
     [ viv_pos*17.27927 ];
     [ viv_neg*15.46301 ];

     avo*36.49157;
     trial*0.04401;
     avos*33.35220;
     lnb_meff*0.08556;
     lnb_log*0.00428;
     amt_pos*0.09253;
     amt_neg*0.20004;
     vp_pos*0.01923;
     vp_neg*0.02517;
     rich_pos*1.77401;
     rich_neg*1.75398;
     det_pos*0.11553;
     det_neg*0.16666;
     viv_pos*7.20916;
     viv_neg*5.94034;

     ! NEW statements in MODEL CONSTRAINT
     NEW(pos_ind_*-0.00456);
     NEW(pos_tot_*-0.00410);
     NEW(neg_ind_*0.00311);
     NEW(neg_tot_*0.02886);
     NEW(dif_ind_*-0.00767);




     Beginning Time:  16:07:01
        Ending Time:  16:07:01
       Elapsed Time:  00:00:00



MUTHEN & MUTHEN
3463 Stoner Ave.
Los Angeles, CA  90066

Tel: (310) 391-9971
Fax: (310) 391-8971
Web: www.StatModel.com
Support: Support@StatModel.com

Copyright (c) 1998-2019 Muthen & Muthen
