Mplus VERSION 8.4 (Mac)
MUTHEN & MUTHEN
12/30/2022   9:53 AM

INPUT INSTRUCTIONS

  !MSEM for Emotional Details, 12/29/2022
  title: Simple model looking at emotional details with CC;

  DATA: FILE = "df_MPlus_12_29.dat";
  VARIABLE:
  NAMES = ID trial DERS Avo AvoS LNB_MEFF VP_Pos VP_Neg Rich_Pos Rich_Neg Det_Pos
       Det_Neg Viv_Pos Viv_Neg Int_Pos Int_Neg Ext_Pos Ext_Neg DERS_sc Avo_sc LNB_sc
       DERS_sq Avo_sq LNB_sq;
  MISSING=.;
  USEVARIABLES = ID DERS_sc Avo LNB_sc Det_Pos Det_Neg CCxDERS;
  CLUSTER = ID;
  BETWEEN = DERS_sc Avo LNB_sc CCxDERS;
  DEFINE: CCxDERS = LNB_sc*DERS_sc;
  ANALYSIS:
  TYPE = TWOLEVEL;
  ESTIMATOR = ML;
  MODEL:
  %WITHIN%
  Det_Neg; !variance at the within-person level
  Det_Pos; !if you want to model means, use [] around the var name
  %BETWEEN%
  Det_Neg on Avo (b1)
           DERS_sc (c1);
  Det_Pos on Avo (b2)
          DERS_sc (c2);
  Avo on DERS_sc (a);
  Det_Pos WITH Det_Neg;

  !regress AVO on CC and the CC x DERS interaction
  !this is the main effect of CC on AVO when DERS is at its mean
  !(as long as you z-scored or mean-centered DERS)
  AVO on LNB_sc;
  !this is the interaction effect --
  !indicates whether effect of DERS on AVO varies according to level of CC
  AVO on CCxDERS;

  MODEL CONSTRAINT:
  NEW(pos_ind_det pos_tot_det neg_ind_det neg_tot_det dif_ind_det);
  pos_ind_det = b2*a;
  pos_tot_det = b2*a + c2;
  neg_ind_det = b1*a;
  neg_tot_det = b1*a + c1;
  dif_ind_det = pos_ind_det - neg_ind_det;

  OUTPUT:
  stand residual;



*** WARNING
  One or more individual-level variables have no variation within a
  cluster for the following clusters.

     Variable   Cluster IDs with no within-cluster variation

      DET_POS     13 15 17 22 24 27 39 52 55 69 79 87 90
      DET_NEG     13 30 54 66 69 75 90 91

*** WARNING
  Data set contains cases with missing on x-variables.
  These cases were not included in the analysis.
  Number of cases with missing on x-variables:  60
   2 WARNING(S) FOUND IN THE INPUT INSTRUCTIONS



Simple model looking at emotional details with CC;

SUMMARY OF ANALYSIS

Number of groups                                                 1
Number of observations                                         510

Number of dependent variables                                    3
Number of independent variables                                  3
Number of continuous latent variables                            0

Observed dependent variables

  Continuous
   AVO         DET_POS     DET_NEG

Observed independent variables
   DERS_SC     LNB_SC      CCXDERS

Variables with special functions

  Cluster variable      ID

  Between variables
   DERS_SC     AVO         LNB_SC      CCXDERS


Estimator                                                       ML
Information matrix                                        OBSERVED
Maximum number of iterations                                   100
Convergence criterion                                    0.100D-05
Maximum number of EM iterations                                500
Convergence criteria for the EM algorithm
  Loglikelihood change                                   0.100D-02
  Relative loglikelihood change                          0.100D-05
  Derivative                                             0.100D-03
Minimum variance                                         0.100D-03
Maximum number of steepest descent iterations                   20
Maximum number of iterations for H1                           2000
Convergence criterion for H1                             0.100D-03
Optimization algorithm                                         EMA

Input data file(s)
  df_MPlus_12_29.dat
Input data format  FREE


SUMMARY OF DATA

     Number of missing data patterns             6
     Number of clusters                         85

     Average cluster size        6.000

     Estimated Intraclass Correlations for the Y Variables

                Intraclass              Intraclass
     Variable  Correlation   Variable  Correlation

     DET_POS      0.176      DET_NEG      0.154



COVARIANCE COVERAGE OF DATA

Minimum covariance coverage value   0.100


     PROPORTION OF DATA PRESENT


           Covariance Coverage
              AVO           DET_POS       DET_NEG       DERS_SC       LNB_SC
              ________      ________      ________      ________      ________
 AVO            0.988
 DET_POS        0.841         0.851
 DET_NEG        0.802         0.704         0.814
 DERS_SC        0.988         0.851         0.814         1.000
 LNB_SC         0.988         0.851         0.814         1.000         1.000
 CCXDERS        0.988         0.851         0.814         1.000         1.000


           Covariance Coverage
              CCXDERS
              ________
 CCXDERS        1.000



UNIVARIATE SAMPLE STATISTICS


     UNIVARIATE HIGHER-ORDER MOMENT DESCRIPTIVE STATISTICS

         Variable/         Mean/     Skewness/   Minimum/ % with                Percentiles
        Sample Size      Variance    Kurtosis    Maximum  Min/Max      20%/60%    40%/80%    Median

     AVO                  29.512       0.732      17.000    1.19%      23.000     27.000     29.000
              84.000      48.702       0.415      50.000    1.19%      30.000     35.000
     DET_POS               0.657       1.382       0.000   53.23%       0.000      0.000      0.000
             434.000       0.714       2.084       5.000    0.23%       1.000      1.000
     DET_NEG               0.829       1.202       0.000   49.40%       0.000      0.000      1.000
             415.000       1.043       0.881       5.000    0.24%       1.000      2.000
     DERS_SC               0.011       0.614      -1.589    1.18%      -0.917     -0.380     -0.111
              85.000       0.994      -0.344       2.442    1.18%       0.091      0.762
     LNB_SC                0.000      -1.181      -2.795    1.18%      -0.679     -0.049      0.198
              85.000       0.998       0.922       1.338    1.18%       0.417      0.803
     CCXDERS               0.082      -0.125      -3.423    1.18%      -0.433     -0.073      0.009
              85.000       0.830       2.848       2.638    1.18%       0.082      0.533


THE MODEL ESTIMATION TERMINATED NORMALLY



MODEL FIT INFORMATION

Number of Free Parameters                       16

Loglikelihood

          H0 Value                       -1380.512
          H1 Value                       -1374.009

Information Criteria

          Akaike (AIC)                    2793.025
          Bayesian (BIC)                  2860.775
          Sample-Size Adjusted BIC        2809.989
            (n* = (n + 2) / 24)

Chi-Square Test of Model Fit

          Value                             13.006
          Degrees of Freedom                     5
          P-Value                           0.0233

RMSEA (Root Mean Square Error Of Approximation)

          Estimate                           0.056

CFI/TLI

          CFI                                0.830
          TLI                                0.557

Chi-Square Test of Model Fit for the Baseline Model

          Value                             59.998
          Degrees of Freedom                    13
          P-Value                           0.0000

SRMR (Standardized Root Mean Square Residual)

          Value for Within                   0.101
          Value for Between                  0.072



MODEL RESULTS

                                                    Two-Tailed
                    Estimate       S.E.  Est./S.E.    P-Value

Within Level

 Variances
    DET_POS            0.589      0.044     13.288      0.000
    DET_NEG            0.879      0.068     12.962      0.000

Between Level

 DET_NEG    ON
    AVO               -0.003      0.011     -0.243      0.808
    DERS_SC            0.111      0.074      1.502      0.133

 DET_POS    ON
    AVO               -0.005      0.009     -0.582      0.560
    DERS_SC            0.099      0.062      1.595      0.111

 AVO        ON
    DERS_SC            3.790      0.667      5.681      0.000
    LNB_SC            -0.348      0.646     -0.539      0.590
    CCXDERS           -0.529      0.727     -0.728      0.467

 DET_POS  WITH
    DET_NEG            0.107      0.032      3.331      0.001

 Intercepts
    AVO               29.550      0.649     45.532      0.000
    DET_POS            0.797      0.266      2.995      0.003
    DET_NEG            0.903      0.322      2.802      0.005

 Residual Variances
    AVO               35.062      5.410      6.481      0.000
    DET_POS            0.117      0.036      3.218      0.001
    DET_NEG            0.153      0.052      2.933      0.003

New/Additional Parameters
    POS_IND_          -0.020      0.034     -0.579      0.562
    POS_TOT_           0.079      0.052      1.511      0.131
    NEG_IND_          -0.010      0.041     -0.243      0.808
    NEG_TOT_           0.101      0.062      1.623      0.105
    DIF_IND_          -0.010      0.042     -0.230      0.818


STANDARDIZED MODEL RESULTS


STDYX Standardization

                                                    Two-Tailed
                    Estimate       S.E.  Est./S.E.    P-Value

Within Level

 Variances
    DET_POS            1.000      0.000    999.000    999.000
    DET_NEG            1.000      0.000    999.000    999.000

Between Level

 DET_NEG    ON
    AVO               -0.045      0.185     -0.243      0.808
    DERS_SC            0.274      0.179      1.532      0.125

 DET_POS    ON
    AVO               -0.102      0.174     -0.584      0.559
    DERS_SC            0.279      0.172      1.627      0.104

 AVO        ON
    DERS_SC            0.542      0.081      6.666      0.000
    LNB_SC            -0.050      0.092     -0.540      0.589
    CCXDERS           -0.069      0.095     -0.729      0.466

 DET_POS  WITH
    DET_NEG            0.799      0.179      4.471      0.000

 Intercepts
    AVO                4.237      0.339     12.503      0.000
    DET_POS            2.258      0.801      2.817      0.005
    DET_NEG            2.232      0.865      2.579      0.010

 Residual Variances
    AVO                0.721      0.083      8.690      0.000
    DET_POS            0.941      0.071     13.326      0.000
    DET_NEG            0.936      0.076     12.296      0.000


STDY Standardization

                                                    Two-Tailed
                    Estimate       S.E.  Est./S.E.    P-Value

Within Level

 Variances
    DET_POS            1.000      0.000    999.000    999.000
    DET_NEG            1.000      0.000    999.000    999.000

Between Level

 DET_NEG    ON
    AVO               -0.045      0.185     -0.243      0.808
    DERS_SC            0.274      0.178      1.541      0.123

 DET_POS    ON
    AVO               -0.102      0.174     -0.584      0.559
    DERS_SC            0.280      0.171      1.639      0.101

 AVO        ON
    DERS_SC            0.543      0.077      7.103      0.000
    LNB_SC            -0.050      0.092     -0.540      0.589
    CCXDERS           -0.076      0.104     -0.730      0.465

 DET_POS  WITH
    DET_NEG            0.799      0.179      4.471      0.000

 Intercepts
    AVO                4.237      0.339     12.503      0.000
    DET_POS            2.258      0.801      2.817      0.005
    DET_NEG            2.232      0.865      2.579      0.010

 Residual Variances
    AVO                0.721      0.083      8.690      0.000
    DET_POS            0.941      0.071     13.326      0.000
    DET_NEG            0.936      0.076     12.296      0.000


STD Standardization

                                                    Two-Tailed
                    Estimate       S.E.  Est./S.E.    P-Value

Within Level

 Variances
    DET_POS            0.589      0.044     13.288      0.000
    DET_NEG            0.879      0.068     12.962      0.000

Between Level

 DET_NEG    ON
    AVO               -0.003      0.011     -0.243      0.808
    DERS_SC            0.111      0.074      1.502      0.133

 DET_POS    ON
    AVO               -0.005      0.009     -0.582      0.560
    DERS_SC            0.099      0.062      1.595      0.111

 AVO        ON
    DERS_SC            3.790      0.667      5.681      0.000
    LNB_SC            -0.348      0.646     -0.539      0.590
    CCXDERS           -0.529      0.727     -0.728      0.467

 DET_POS  WITH
    DET_NEG            0.107      0.032      3.331      0.001

 Intercepts
    AVO               29.550      0.649     45.532      0.000
    DET_POS            0.797      0.266      2.995      0.003
    DET_NEG            0.903      0.322      2.802      0.005

 Residual Variances
    AVO               35.062      5.410      6.481      0.000
    DET_POS            0.117      0.036      3.218      0.001
    DET_NEG            0.153      0.052      2.933      0.003


R-SQUARE

Within Level

Between Level

    Observed                                        Two-Tailed
    Variable        Estimate       S.E.  Est./S.E.    P-Value

    AVO                0.279      0.083      3.367      0.001
    DET_POS            0.059      0.071      0.830      0.406
    DET_NEG            0.064      0.076      0.842      0.400


QUALITY OF NUMERICAL RESULTS

     Condition Number for the Information Matrix              0.732E-06
       (ratio of smallest to largest eigenvalue)


RESIDUAL OUTPUT


     ESTIMATED MODEL AND RESIDUALS (OBSERVED - ESTIMATED) FOR WITHIN


           Model Estimated Means
              AVO           DET_POS       DET_NEG       DERS_SC       LNB_SC
              ________      ________      ________      ________      ________
                0.000         0.000         0.000         0.000         0.000


           Model Estimated Means
              CCXDERS
              ________
                0.000


           Residuals for Means
              AVO           DET_POS       DET_NEG       DERS_SC       LNB_SC
              ________      ________      ________      ________      ________
                0.000         0.000         0.000         0.000         0.000


           Residuals for Means
              CCXDERS
              ________
                0.000


           Model Estimated Covariances
              AVO           DET_POS       DET_NEG       DERS_SC       LNB_SC
              ________      ________      ________      ________      ________
 AVO            0.000
 DET_POS        0.000         0.589
 DET_NEG        0.000         0.000         0.879
 DERS_SC        0.000         0.000         0.000         0.000
 LNB_SC         0.000         0.000         0.000         0.000         0.000
 CCXDERS        0.000         0.000         0.000         0.000         0.000


           Model Estimated Covariances
              CCXDERS
              ________
 CCXDERS        0.000


           Residuals for Covariances
              AVO           DET_POS       DET_NEG       DERS_SC       LNB_SC
              ________      ________      ________      ________      ________
 AVO            0.000
 DET_POS        0.000        -0.001
 DET_NEG        0.000         0.125         0.000
 DERS_SC        0.000         0.000         0.000         0.000
 LNB_SC         0.000         0.000         0.000         0.000         0.000
 CCXDERS        0.000         0.000         0.000         0.000         0.000


           Residuals for Covariances
              CCXDERS
              ________
 CCXDERS        0.000


           Model Estimated Correlations
              AVO           DET_POS       DET_NEG       DERS_SC       LNB_SC
              ________      ________      ________      ________      ________
 AVO            0.000
 DET_POS        0.000         1.000
 DET_NEG        0.000         0.000         1.000
 DERS_SC        0.000         0.000         0.000         0.000
 LNB_SC         0.000         0.000         0.000         0.000         0.000
 CCXDERS        0.000         0.000         0.000         0.000         0.000


           Model Estimated Correlations
              CCXDERS
              ________
 CCXDERS        0.000


           Residuals for Correlations
              AVO           DET_POS       DET_NEG       DERS_SC       LNB_SC
              ________      ________      ________      ________      ________
 AVO            0.000
 DET_POS        0.000         0.000
 DET_NEG        0.000         0.174         0.000
 DERS_SC        0.000         0.000         0.000         0.000
 LNB_SC         0.000         0.000         0.000         0.000         0.000
 CCXDERS        0.000         0.000         0.000         0.000         0.000


           Residuals for Correlations
              CCXDERS
              ________
 CCXDERS        0.000


     ESTIMATED MODEL AND RESIDUALS (OBSERVED - ESTIMATED) FOR BETWEEN


           Model Estimated Means
              AVO           DET_POS       DET_NEG       DERS_SC       LNB_SC
              ________      ________      ________      ________      ________
               29.548         0.645         0.827         0.011         0.000


           Model Estimated Means
              CCXDERS
              ________
                0.082


           Residuals for Means
              AVO           DET_POS       DET_NEG       DERS_SC       LNB_SC
              ________      ________      ________      ________      ________
                0.000        -0.001        -0.003         0.000         0.000


           Residuals for Means
              CCXDERS
              ________
                0.000


           Model Estimated Covariances
              AVO           DET_POS       DET_NEG       DERS_SC       LNB_SC
              ________      ________      ________      ________      ________
 AVO           48.647
 DET_POS        0.108         0.124
 DET_NEG        0.276         0.116         0.164
 DERS_SC        3.627         0.080         0.101         0.994
 LNB_SC        -0.069         0.008         0.009         0.082         0.998
 CCXDERS        0.349         0.019         0.023         0.214         0.061


           Model Estimated Covariances
              CCXDERS
              ________
 CCXDERS        0.830


           Residuals for Covariances
              AVO           DET_POS       DET_NEG       DERS_SC       LNB_SC
              ________      ________      ________      ________      ________
 AVO            0.001
 DET_POS        0.011         0.001
 DET_NEG        0.006        -0.022        -0.003
 DERS_SC        0.000        -0.001         0.000         0.000
 LNB_SC         0.000         0.042         0.070         0.000         0.000
 CCXDERS        0.000         0.052         0.002         0.000         0.000


           Residuals for Covariances
              CCXDERS
              ________
 CCXDERS        0.000


           Model Estimated Correlations
              AVO           DET_POS       DET_NEG       DERS_SC       LNB_SC
              ________      ________      ________      ________      ________
 AVO            1.000
 DET_POS        0.044         1.000
 DET_NEG        0.098         0.809         1.000
 DERS_SC        0.521         0.226         0.250         1.000
 LNB_SC        -0.010         0.024         0.023         0.082         1.000
 CCXDERS        0.055         0.060         0.062         0.235         0.066


           Model Estimated Correlations
              CCXDERS
              ________
 CCXDERS        1.000


           Residuals for Correlations
              AVO           DET_POS       DET_NEG       DERS_SC       LNB_SC
              ________      ________      ________      ________      ________
 AVO            0.000
 DET_POS        0.004         0.000
 DET_NEG        0.003        -0.152         0.000
 DERS_SC        0.000        -0.002         0.004         0.000
 LNB_SC         0.000         0.119         0.174         0.000         0.000
 CCXDERS        0.000         0.162         0.005         0.000         0.000


           Residuals for Correlations
              CCXDERS
              ________
 CCXDERS        0.000


     Beginning Time:  09:53:12
        Ending Time:  09:53:12
       Elapsed Time:  00:00:00



MUTHEN & MUTHEN
3463 Stoner Ave.
Los Angeles, CA  90066

Tel: (310) 391-9971
Fax: (310) 391-8971
Web: www.StatModel.com
Support: Support@StatModel.com

Copyright (c) 1998-2019 Muthen & Muthen
